2025-06-10 08:55:54.571 [background-preinit] INFO  o.h.validator.internal.util.Version - HV000001: Hibernate Validator 8.0.2.Final
2025-06-10 08:55:54.653 [restartedMain] INFO  c.w.worker.management.Application - Starting Application using Java 21 with PID 23904 (C:\Users\2408482\Documents\worker.management\target\classes started by 2408482 in C:\Users\2408482\Documents\worker.management)
2025-06-10 08:55:54.655 [restartedMain] INFO  c.w.worker.management.Application - No active profile set, falling back to 1 default profile: "default"
2025-06-10 08:55:54.735 [restartedMain] INFO  o.s.b.d.e.DevToolsPropertyDefaultsPostProcessor - Devtools property defaults active! Set 'spring.devtools.add-properties' to 'false' to disable
2025-06-10 08:55:56.188 [restartedMain] INFO  o.s.d.r.c.RepositoryConfigurationDelegate - Bootstrapping Spring Data JPA repositories in DEFAULT mode.
2025-06-10 08:55:56.273 [restartedMain] INFO  o.s.d.r.c.RepositoryConfigurationDelegate - Finished Spring Data repository scanning in 68 ms. Found 2 JPA repository interfaces.
2025-06-10 08:55:56.503 [restartedMain] INFO  o.s.cloud.context.scope.GenericScope - BeanFactory id=4ed8d0a7-8c78-3873-8d0a-61af206c8a4f
2025-06-10 08:55:57.263 [restartedMain] INFO  o.s.b.w.e.tomcat.TomcatWebServer - Tomcat initialized with port 8086 (http)
2025-06-10 08:55:57.303 [restartedMain] INFO  o.a.coyote.http11.Http11NioProtocol - Initializing ProtocolHandler ["http-nio-8086"]
2025-06-10 08:55:57.309 [restartedMain] INFO  o.a.catalina.core.StandardService - Starting service [Tomcat]
2025-06-10 08:55:57.309 [restartedMain] INFO  o.a.catalina.core.StandardEngine - Starting Servlet engine: [Apache Tomcat/10.1.41]
2025-06-10 08:55:57.417 [restartedMain] INFO  o.a.c.c.C.[Tomcat].[localhost].[/] - Initializing Spring embedded WebApplicationContext
2025-06-10 08:55:57.419 [restartedMain] INFO  o.s.b.w.s.c.ServletWebServerApplicationContext - Root WebApplicationContext: initialization completed in 2680 ms
2025-06-10 08:55:57.845 [restartedMain] INFO  o.h.jpa.internal.util.LogHelper - HHH000204: Processing PersistenceUnitInfo [name: default]
2025-06-10 08:55:57.966 [restartedMain] INFO  org.hibernate.Version - HHH000412: Hibernate ORM core version 6.6.15.Final
2025-06-10 08:55:58.008 [restartedMain] INFO  o.h.c.i.RegionFactoryInitiator - HHH000026: Second-level cache disabled
2025-06-10 08:55:58.808 [restartedMain] INFO  o.s.o.j.p.SpringPersistenceUnitInfo - No LoadTimeWeaver setup: ignoring JPA class transformer
2025-06-10 08:55:58.853 [restartedMain] INFO  com.zaxxer.hikari.HikariDataSource - HikariPool-1 - Starting...
2025-06-10 08:55:59.357 [restartedMain] INFO  com.zaxxer.hikari.pool.HikariPool - HikariPool-1 - Added connection com.mysql.cj.jdbc.ConnectionImpl@a46c472
2025-06-10 08:55:59.363 [restartedMain] INFO  com.zaxxer.hikari.HikariDataSource - HikariPool-1 - Start completed.
2025-06-10 08:55:59.439 [restartedMain] WARN  org.hibernate.orm.deprecation - HHH90000025: MySQL8Dialect does not need to be specified explicitly using 'hibernate.dialect' (remove the property setting and it will be selected by default)
2025-06-10 08:55:59.440 [restartedMain] WARN  org.hibernate.orm.deprecation - HHH90000026: MySQL8Dialect has been deprecated; use org.hibernate.dialect.MySQLDialect instead
2025-06-10 08:55:59.460 [restartedMain] INFO  o.hibernate.orm.connections.pooling - HHH10001005: Database info:
	Database JDBC URL [Connecting through datasource 'HikariDataSource (HikariPool-1)']
	Database driver: undefined/unknown
	Database version: 8.0
	Autocommit mode: undefined/unknown
	Isolation level: undefined/unknown
	Minimum pool size: undefined/unknown
	Maximum pool size: undefined/unknown
2025-06-10 08:56:00.480 [restartedMain] INFO  o.h.e.t.j.p.i.JtaPlatformInitiator - HHH000489: No JTA platform available (set 'hibernate.transaction.jta.platform' to enable JTA platform integration)
2025-06-10 08:56:00.560 [restartedMain] INFO  o.s.o.j.LocalContainerEntityManagerFactoryBean - Initialized JPA EntityManagerFactory for persistence unit 'default'
2025-06-10 08:56:01.068 [restartedMain] INFO  o.s.d.j.r.query.QueryEnhancerFactory - Hibernate is in classpath; If applicable, HQL parser will be used.
2025-06-10 08:56:01.875 [restartedMain] WARN  o.s.b.a.o.j.JpaBaseConfiguration$JpaWebConfiguration - spring.jpa.open-in-view is enabled by default. Therefore, database queries may be performed during view rendering. Explicitly configure spring.jpa.open-in-view to disable this warning
2025-06-10 08:56:02.561 [restartedMain] INFO  o.s.b.d.a.OptionalLiveReloadServer - LiveReload server is running on port 35729
2025-06-10 08:56:02.661 [restartedMain] INFO  o.a.coyote.http11.Http11NioProtocol - Starting ProtocolHandler ["http-nio-8086"]
2025-06-10 08:56:02.702 [restartedMain] INFO  o.s.b.w.e.tomcat.TomcatWebServer - Tomcat started on port 8086 (http) with context path '/'
2025-06-10 08:56:02.720 [restartedMain] INFO  c.w.worker.management.Application - Started Application in 9.387 seconds (process running for 10.993)
2025-06-10 08:56:28.915 [http-nio-8086-exec-2] INFO  o.a.c.c.C.[Tomcat].[localhost].[/] - Initializing Spring DispatcherServlet 'dispatcherServlet'
2025-06-10 08:56:28.915 [http-nio-8086-exec-2] INFO  o.s.web.servlet.DispatcherServlet - Initializing Servlet 'dispatcherServlet'
2025-06-10 08:56:28.915 [http-nio-8086-exec-2] INFO  o.s.web.servlet.DispatcherServlet - Completed initialization in 0 ms
2025-06-10 08:56:29.382 [http-nio-8086-exec-2] INFO  c.w.w.m.controller.WorkerController - Creating a new worker profile
2025-06-10 08:56:29.582 [http-nio-8086-exec-2] INFO  c.w.w.m.s.s.WorkerServiceImpl - Creating new worker: W018
2025-06-10 08:58:02.771 [http-nio-8086-exec-5] ERROR c.w.w.m.e.GlobalExceptionHandler - Method argument not valid exception thrown
2025-06-10 08:58:02.789 [http-nio-8086-exec-5] WARN  o.s.w.s.m.m.a.ExceptionHandlerExceptionResolver - Resolved [org.springframework.web.bind.MethodArgumentNotValidException: Validation failed for argument [1] in public org.springframework.http.ResponseEntity<java.lang.String> com.wastewise.worker.management.controller.WorkerAssignmentController.assignWorkerToAssignment(java.lang.String,com.wastewise.worker.management.dto.WorkerAssignmentDTO) with 4 errors: [Field error in object 'workerAssignmentDTO' on field 'routeId': rejected value [R001]; codes [Pattern.workerAssignmentDTO.routeId,Pattern.routeId,Pattern.java.lang.String,Pattern]; arguments [org.springframework.context.support.DefaultMessageSourceResolvable: codes [workerAssignmentDTO.routeId,routeId]; arguments []; default message [routeId],[Ljakarta.validation.constraints.Pattern$Flag;@499093e2,^Z//d{3}-R//d{3}$]; default message [WorkerId should follow this pattern 'W001']] [Field error in object 'workerAssignmentDTO' on field 'assignmentId': rejected value [A005]; codes [Pattern.workerAssignmentDTO.assignmentId,Pattern.assignmentId,Pattern.java.lang.String,Pattern]; arguments [org.springframework.context.support.DefaultMessageSourceResolvable: codes [workerAssignmentDTO.assignmentId,assignmentId]; arguments []; default message [assignmentId],[Ljakarta.validation.constraints.Pattern$Flag;@499093e2,^A//d{3}$]; default message [The assignmentId should follow this pattern 'A001']] [Field error in object 'workerAssignmentDTO' on field 'zoneId': rejected value [Z003]; codes [Pattern.workerAssignmentDTO.zoneId,Pattern.zoneId,Pattern.java.lang.String,Pattern]; arguments [org.springframework.context.support.DefaultMessageSourceResolvable: codes [workerAssignmentDTO.zoneId,zoneId]; arguments []; default message [zoneId],[Ljakarta.validation.constraints.Pattern$Flag;@499093e2,^Z//d{3}$]; default message [ZoneId should follow this pattern 'Z001']] [Field error in object 'workerAssignmentDTO' on field 'workerId': rejected value [W015]; codes [Pattern.workerAssignmentDTO.workerId,Pattern.workerId,Pattern.java.lang.String,Pattern]; arguments [org.springframework.context.support.DefaultMessageSourceResolvable: codes [workerAssignmentDTO.workerId,workerId]; arguments []; default message [workerId],[Ljakarta.validation.constraints.Pattern$Flag;@499093e2,^W//d{3}$]; default message [WorkerId should follow this pattern 'W001']] ]
2025-06-10 08:59:11.480 [http-nio-8086-exec-7] ERROR c.w.w.m.e.GlobalExceptionHandler - Method argument not valid exception thrown
2025-06-10 08:59:11.484 [http-nio-8086-exec-7] WARN  o.s.w.s.m.m.a.ExceptionHandlerExceptionResolver - Resolved [org.springframework.web.bind.MethodArgumentNotValidException: Validation failed for argument [1] in public org.springframework.http.ResponseEntity<java.lang.String> com.wastewise.worker.management.controller.WorkerAssignmentController.assignWorkerToAssignment(java.lang.String,com.wastewise.worker.management.dto.WorkerAssignmentDTO) with 4 errors: [Field error in object 'workerAssignmentDTO' on field 'routeId': rejected value [Z003-R001]; codes [Pattern.workerAssignmentDTO.routeId,Pattern.routeId,Pattern.java.lang.String,Pattern]; arguments [org.springframework.context.support.DefaultMessageSourceResolvable: codes [workerAssignmentDTO.routeId,routeId]; arguments []; default message [routeId],[Ljakarta.validation.constraints.Pattern$Flag;@499093e2,^Z//d{3}-R//d{3}$]; default message [WorkerId should follow this pattern 'W001']] [Field error in object 'workerAssignmentDTO' on field 'zoneId': rejected value [Z003]; codes [Pattern.workerAssignmentDTO.zoneId,Pattern.zoneId,Pattern.java.lang.String,Pattern]; arguments [org.springframework.context.support.DefaultMessageSourceResolvable: codes [workerAssignmentDTO.zoneId,zoneId]; arguments []; default message [zoneId],[Ljakarta.validation.constraints.Pattern$Flag;@499093e2,^Z//d{3}$]; default message [ZoneId should follow this pattern 'Z001']] [Field error in object 'workerAssignmentDTO' on field 'assignmentId': rejected value [A005]; codes [Pattern.workerAssignmentDTO.assignmentId,Pattern.assignmentId,Pattern.java.lang.String,Pattern]; arguments [org.springframework.context.support.DefaultMessageSourceResolvable: codes [workerAssignmentDTO.assignmentId,assignmentId]; arguments []; default message [assignmentId],[Ljakarta.validation.constraints.Pattern$Flag;@499093e2,^A//d{3}$]; default message [The assignmentId should follow this pattern 'A001']] [Field error in object 'workerAssignmentDTO' on field 'workerId': rejected value [W015]; codes [Pattern.workerAssignmentDTO.workerId,Pattern.workerId,Pattern.java.lang.String,Pattern]; arguments [org.springframework.context.support.DefaultMessageSourceResolvable: codes [workerAssignmentDTO.workerId,workerId]; arguments []; default message [workerId],[Ljakarta.validation.constraints.Pattern$Flag;@499093e2,^W//d{3}$]; default message [WorkerId should follow this pattern 'W001']] ]
2025-06-10 09:01:29.734 [http-nio-8086-exec-8] ERROR c.w.w.m.e.GlobalExceptionHandler - Method argument not valid exception thrown
2025-06-10 09:01:29.734 [http-nio-8086-exec-8] WARN  o.s.w.s.m.m.a.ExceptionHandlerExceptionResolver - Resolved [org.springframework.web.bind.MethodArgumentNotValidException: Validation failed for argument [1] in public org.springframework.http.ResponseEntity<java.lang.String> com.wastewise.worker.management.controller.WorkerAssignmentController.assignWorkerToAssignment(java.lang.String,com.wastewise.worker.management.dto.WorkerAssignmentDTO) with 4 errors: [Field error in object 'workerAssignmentDTO' on field 'assignmentId': rejected value [A005]; codes [Pattern.workerAssignmentDTO.assignmentId,Pattern.assignmentId,Pattern.java.lang.String,Pattern]; arguments [org.springframework.context.support.DefaultMessageSourceResolvable: codes [workerAssignmentDTO.assignmentId,assignmentId]; arguments []; default message [assignmentId],[Ljakarta.validation.constraints.Pattern$Flag;@499093e2,^A//d{3}$]; default message [The assignmentId should follow this pattern 'A001']] [Field error in object 'workerAssignmentDTO' on field 'zoneId': rejected value [Z005]; codes [Pattern.workerAssignmentDTO.zoneId,Pattern.zoneId,Pattern.java.lang.String,Pattern]; arguments [org.springframework.context.support.DefaultMessageSourceResolvable: codes [workerAssignmentDTO.zoneId,zoneId]; arguments []; default message [zoneId],[Ljakarta.validation.constraints.Pattern$Flag;@499093e2,^Z//d{3}$]; default message [ZoneId should follow this pattern 'Z001']] [Field error in object 'workerAssignmentDTO' on field 'workerId': rejected value [W015]; codes [Pattern.workerAssignmentDTO.workerId,Pattern.workerId,Pattern.java.lang.String,Pattern]; arguments [org.springframework.context.support.DefaultMessageSourceResolvable: codes [workerAssignmentDTO.workerId,workerId]; arguments []; default message [workerId],[Ljakarta.validation.constraints.Pattern$Flag;@499093e2,^W//d{3}$]; default message [WorkerId should follow this pattern 'W001']] [Field error in object 'workerAssignmentDTO' on field 'routeId': rejected value [Z005-R001]; codes [Pattern.workerAssignmentDTO.routeId,Pattern.routeId,Pattern.java.lang.String,Pattern]; arguments [org.springframework.context.support.DefaultMessageSourceResolvable: codes [workerAssignmentDTO.routeId,routeId]; arguments []; default message [routeId],[Ljakarta.validation.constraints.Pattern$Flag;@499093e2,^Z//d{3}-R//d{3}$]; default message [WorkerId should follow this pattern 'W001']] ]
2025-06-10 09:02:42.720 [http-nio-8086-exec-1] ERROR c.w.w.m.e.GlobalExceptionHandler - Method argument not valid exception thrown
2025-06-10 09:02:42.721 [http-nio-8086-exec-1] WARN  o.s.w.s.m.m.a.ExceptionHandlerExceptionResolver - Resolved [org.springframework.web.bind.MethodArgumentNotValidException: Validation failed for argument [1] in public org.springframework.http.ResponseEntity<java.lang.String> com.wastewise.worker.management.controller.WorkerAssignmentController.assignWorkerToAssignment(java.lang.String,com.wastewise.worker.management.dto.WorkerAssignmentDTO) with 4 errors: [Field error in object 'workerAssignmentDTO' on field 'assignmentId': rejected value [A005]; codes [Pattern.workerAssignmentDTO.assignmentId,Pattern.assignmentId,Pattern.java.lang.String,Pattern]; arguments [org.springframework.context.support.DefaultMessageSourceResolvable: codes [workerAssignmentDTO.assignmentId,assignmentId]; arguments []; default message [assignmentId],[Ljakarta.validation.constraints.Pattern$Flag;@499093e2,^A//d{3}$]; default message [The assignmentId should follow this pattern 'A001']] [Field error in object 'workerAssignmentDTO' on field 'routeId': rejected value [Z005-R001]; codes [Pattern.workerAssignmentDTO.routeId,Pattern.routeId,Pattern.java.lang.String,Pattern]; arguments [org.springframework.context.support.DefaultMessageSourceResolvable: codes [workerAssignmentDTO.routeId,routeId]; arguments []; default message [routeId],[Ljakarta.validation.constraints.Pattern$Flag;@499093e2,^Z//d{3}-R//d{3}$]; default message [WorkerId should follow this pattern 'W001']] [Field error in object 'workerAssignmentDTO' on field 'zoneId': rejected value [Z005]; codes [Pattern.workerAssignmentDTO.zoneId,Pattern.zoneId,Pattern.java.lang.String,Pattern]; arguments [org.springframework.context.support.DefaultMessageSourceResolvable: codes [workerAssignmentDTO.zoneId,zoneId]; arguments []; default message [zoneId],[Ljakarta.validation.constraints.Pattern$Flag;@499093e2,^Z//d{3}$]; default message [ZoneId should follow this pattern 'Z001']] [Field error in object 'workerAssignmentDTO' on field 'workerId': rejected value [W015]; codes [Pattern.workerAssignmentDTO.workerId,Pattern.workerId,Pattern.java.lang.String,Pattern]; arguments [org.springframework.context.support.DefaultMessageSourceResolvable: codes [workerAssignmentDTO.workerId,workerId]; arguments []; default message [workerId],[Ljakarta.validation.constraints.Pattern$Flag;@499093e2,^W//d{3}$]; default message [WorkerId should follow this pattern 'W001']] ]
2025-06-10 09:02:48.474 [SpringApplicationShutdownHook] INFO  o.s.b.w.e.tomcat.GracefulShutdown - Commencing graceful shutdown. Waiting for active requests to complete
2025-06-10 09:02:48.490 [tomcat-shutdown] INFO  o.s.b.w.e.tomcat.GracefulShutdown - Graceful shutdown complete
2025-06-10 09:02:48.506 [SpringApplicationShutdownHook] INFO  o.s.o.j.LocalContainerEntityManagerFactoryBean - Closing JPA EntityManagerFactory for persistence unit 'default'
2025-06-10 09:02:48.522 [SpringApplicationShutdownHook] INFO  com.zaxxer.hikari.HikariDataSource - HikariPool-1 - Shutdown initiated...
2025-06-10 09:02:48.553 [SpringApplicationShutdownHook] INFO  com.zaxxer.hikari.HikariDataSource - HikariPool-1 - Shutdown completed.
2025-06-10 09:02:53.605 [background-preinit] INFO  o.h.validator.internal.util.Version - HV000001: Hibernate Validator 8.0.2.Final
2025-06-10 09:02:53.660 [restartedMain] INFO  c.w.worker.management.Application - Starting Application using Java 21 with PID 12116 (C:\Users\2408482\Documents\worker.management\target\classes started by 2408482 in C:\Users\2408482\Documents\worker.management)
2025-06-10 09:02:53.661 [restartedMain] INFO  c.w.worker.management.Application - No active profile set, falling back to 1 default profile: "default"
2025-06-10 09:02:53.716 [restartedMain] INFO  o.s.b.d.e.DevToolsPropertyDefaultsPostProcessor - Devtools property defaults active! Set 'spring.devtools.add-properties' to 'false' to disable
2025-06-10 09:02:54.867 [restartedMain] INFO  o.s.d.r.c.RepositoryConfigurationDelegate - Bootstrapping Spring Data JPA repositories in DEFAULT mode.
2025-06-10 09:02:54.982 [restartedMain] INFO  o.s.d.r.c.RepositoryConfigurationDelegate - Finished Spring Data repository scanning in 99 ms. Found 2 JPA repository interfaces.
2025-06-10 09:02:55.165 [restartedMain] INFO  o.s.cloud.context.scope.GenericScope - BeanFactory id=4ed8d0a7-8c78-3873-8d0a-61af206c8a4f
2025-06-10 09:02:55.793 [restartedMain] INFO  o.s.b.w.e.tomcat.TomcatWebServer - Tomcat initialized with port 8086 (http)
2025-06-10 09:02:55.817 [restartedMain] INFO  o.a.coyote.http11.Http11NioProtocol - Initializing ProtocolHandler ["http-nio-8086"]
2025-06-10 09:02:55.824 [restartedMain] INFO  o.a.catalina.core.StandardService - Starting service [Tomcat]
2025-06-10 09:02:55.824 [restartedMain] INFO  o.a.catalina.core.StandardEngine - Starting Servlet engine: [Apache Tomcat/10.1.41]
2025-06-10 09:02:55.941 [restartedMain] INFO  o.a.c.c.C.[Tomcat].[localhost].[/] - Initializing Spring embedded WebApplicationContext
2025-06-10 09:02:55.943 [restartedMain] INFO  o.s.b.w.s.c.ServletWebServerApplicationContext - Root WebApplicationContext: initialization completed in 2224 ms
2025-06-10 09:02:56.213 [restartedMain] INFO  o.h.jpa.internal.util.LogHelper - HHH000204: Processing PersistenceUnitInfo [name: default]
2025-06-10 09:02:56.299 [restartedMain] INFO  org.hibernate.Version - HHH000412: Hibernate ORM core version 6.6.15.Final
2025-06-10 09:02:56.338 [restartedMain] INFO  o.h.c.i.RegionFactoryInitiator - HHH000026: Second-level cache disabled
2025-06-10 09:02:56.752 [restartedMain] INFO  o.s.o.j.p.SpringPersistenceUnitInfo - No LoadTimeWeaver setup: ignoring JPA class transformer
2025-06-10 09:02:56.794 [restartedMain] INFO  com.zaxxer.hikari.HikariDataSource - HikariPool-1 - Starting...
2025-06-10 09:02:57.183 [restartedMain] INFO  com.zaxxer.hikari.pool.HikariPool - HikariPool-1 - Added connection com.mysql.cj.jdbc.ConnectionImpl@47bc4b54
2025-06-10 09:02:57.185 [restartedMain] INFO  com.zaxxer.hikari.HikariDataSource - HikariPool-1 - Start completed.
2025-06-10 09:02:57.238 [restartedMain] WARN  org.hibernate.orm.deprecation - HHH90000025: MySQL8Dialect does not need to be specified explicitly using 'hibernate.dialect' (remove the property setting and it will be selected by default)
2025-06-10 09:02:57.240 [restartedMain] WARN  org.hibernate.orm.deprecation - HHH90000026: MySQL8Dialect has been deprecated; use org.hibernate.dialect.MySQLDialect instead
2025-06-10 09:02:57.257 [restartedMain] INFO  o.hibernate.orm.connections.pooling - HHH10001005: Database info:
	Database JDBC URL [Connecting through datasource 'HikariDataSource (HikariPool-1)']
	Database driver: undefined/unknown
	Database version: 8.0
	Autocommit mode: undefined/unknown
	Isolation level: undefined/unknown
	Minimum pool size: undefined/unknown
	Maximum pool size: undefined/unknown
2025-06-10 09:02:58.257 [restartedMain] INFO  o.h.e.t.j.p.i.JtaPlatformInitiator - HHH000489: No JTA platform available (set 'hibernate.transaction.jta.platform' to enable JTA platform integration)
2025-06-10 09:02:58.336 [restartedMain] INFO  o.s.o.j.LocalContainerEntityManagerFactoryBean - Initialized JPA EntityManagerFactory for persistence unit 'default'
2025-06-10 09:02:58.695 [restartedMain] INFO  o.s.d.j.r.query.QueryEnhancerFactory - Hibernate is in classpath; If applicable, HQL parser will be used.
2025-06-10 09:02:59.519 [restartedMain] WARN  o.s.b.a.o.j.JpaBaseConfiguration$JpaWebConfiguration - spring.jpa.open-in-view is enabled by default. Therefore, database queries may be performed during view rendering. Explicitly configure spring.jpa.open-in-view to disable this warning
2025-06-10 09:03:00.234 [restartedMain] INFO  o.s.b.d.a.OptionalLiveReloadServer - LiveReload server is running on port 35729
2025-06-10 09:03:00.304 [restartedMain] INFO  o.a.coyote.http11.Http11NioProtocol - Starting ProtocolHandler ["http-nio-8086"]
2025-06-10 09:03:00.325 [restartedMain] INFO  o.s.b.w.e.tomcat.TomcatWebServer - Tomcat started on port 8086 (http) with context path '/'
2025-06-10 09:03:00.341 [restartedMain] INFO  c.w.worker.management.Application - Started Application in 7.465 seconds (process running for 8.266)
2025-06-10 09:03:08.833 [http-nio-8086-exec-2] INFO  o.a.c.c.C.[Tomcat].[localhost].[/] - Initializing Spring DispatcherServlet 'dispatcherServlet'
2025-06-10 09:03:08.833 [http-nio-8086-exec-2] INFO  o.s.web.servlet.DispatcherServlet - Initializing Servlet 'dispatcherServlet'
2025-06-10 09:03:08.833 [http-nio-8086-exec-2] INFO  o.s.web.servlet.DispatcherServlet - Completed initialization in 0 ms
2025-06-10 09:03:09.270 [http-nio-8086-exec-2] ERROR c.w.w.m.e.GlobalExceptionHandler - Method argument not valid exception thrown
2025-06-10 09:03:09.303 [http-nio-8086-exec-2] WARN  o.s.w.s.m.m.a.ExceptionHandlerExceptionResolver - Resolved [org.springframework.web.bind.MethodArgumentNotValidException: Validation failed for argument [1] in public org.springframework.http.ResponseEntity<java.lang.String> com.wastewise.worker.management.controller.WorkerAssignmentController.assignWorkerToAssignment(java.lang.String,com.wastewise.worker.management.dto.WorkerAssignmentDTO): [Field error in object 'workerAssignmentDTO' on field 'routeId': rejected value [Z005-R001]; codes [Pattern.workerAssignmentDTO.routeId,Pattern.routeId,Pattern.java.lang.String,Pattern]; arguments [org.springframework.context.support.DefaultMessageSourceResolvable: codes [workerAssignmentDTO.routeId,routeId]; arguments []; default message [routeId],[Ljakarta.validation.constraints.Pattern$Flag;@63733a5f,^Z\d{3}-R//d{3}$]; default message [WorkerId should follow this pattern 'W001']] ]
2025-06-10 09:03:38.079 [SpringApplicationShutdownHook] INFO  o.s.b.w.e.tomcat.GracefulShutdown - Commencing graceful shutdown. Waiting for active requests to complete
2025-06-10 09:03:38.085 [tomcat-shutdown] INFO  o.s.b.w.e.tomcat.GracefulShutdown - Graceful shutdown complete
2025-06-10 09:03:38.092 [SpringApplicationShutdownHook] INFO  o.s.o.j.LocalContainerEntityManagerFactoryBean - Closing JPA EntityManagerFactory for persistence unit 'default'
2025-06-10 09:03:38.099 [SpringApplicationShutdownHook] INFO  com.zaxxer.hikari.HikariDataSource - HikariPool-1 - Shutdown initiated...
2025-06-10 09:03:38.114 [SpringApplicationShutdownHook] INFO  com.zaxxer.hikari.HikariDataSource - HikariPool-1 - Shutdown completed.
2025-06-10 09:03:44.047 [background-preinit] INFO  o.h.validator.internal.util.Version - HV000001: Hibernate Validator 8.0.2.Final
2025-06-10 09:03:44.110 [restartedMain] INFO  c.w.worker.management.Application - Starting Application using Java 21 with PID 17868 (C:\Users\2408482\Documents\worker.management\target\classes started by 2408482 in C:\Users\2408482\Documents\worker.management)
2025-06-10 09:03:44.111 [restartedMain] INFO  c.w.worker.management.Application - No active profile set, falling back to 1 default profile: "default"
2025-06-10 09:03:44.182 [restartedMain] INFO  o.s.b.d.e.DevToolsPropertyDefaultsPostProcessor - Devtools property defaults active! Set 'spring.devtools.add-properties' to 'false' to disable
2025-06-10 09:03:45.614 [restartedMain] INFO  o.s.d.r.c.RepositoryConfigurationDelegate - Bootstrapping Spring Data JPA repositories in DEFAULT mode.
2025-06-10 09:03:45.733 [restartedMain] INFO  o.s.d.r.c.RepositoryConfigurationDelegate - Finished Spring Data repository scanning in 96 ms. Found 2 JPA repository interfaces.
2025-06-10 09:03:45.981 [restartedMain] INFO  o.s.cloud.context.scope.GenericScope - BeanFactory id=4ed8d0a7-8c78-3873-8d0a-61af206c8a4f
2025-06-10 09:03:46.725 [restartedMain] INFO  o.s.b.w.e.tomcat.TomcatWebServer - Tomcat initialized with port 8086 (http)
2025-06-10 09:03:46.771 [restartedMain] INFO  o.a.coyote.http11.Http11NioProtocol - Initializing ProtocolHandler ["http-nio-8086"]
2025-06-10 09:03:46.776 [restartedMain] INFO  o.a.catalina.core.StandardService - Starting service [Tomcat]
2025-06-10 09:03:46.776 [restartedMain] INFO  o.a.catalina.core.StandardEngine - Starting Servlet engine: [Apache Tomcat/10.1.41]
2025-06-10 09:03:46.864 [restartedMain] INFO  o.a.c.c.C.[Tomcat].[localhost].[/] - Initializing Spring embedded WebApplicationContext
2025-06-10 09:03:46.865 [restartedMain] INFO  o.s.b.w.s.c.ServletWebServerApplicationContext - Root WebApplicationContext: initialization completed in 2682 ms
2025-06-10 09:03:47.183 [restartedMain] INFO  o.h.jpa.internal.util.LogHelper - HHH000204: Processing PersistenceUnitInfo [name: default]
2025-06-10 09:03:47.320 [restartedMain] INFO  org.hibernate.Version - HHH000412: Hibernate ORM core version 6.6.15.Final
2025-06-10 09:03:47.396 [restartedMain] INFO  o.h.c.i.RegionFactoryInitiator - HHH000026: Second-level cache disabled
2025-06-10 09:03:47.862 [restartedMain] INFO  o.s.o.j.p.SpringPersistenceUnitInfo - No LoadTimeWeaver setup: ignoring JPA class transformer
2025-06-10 09:03:47.895 [restartedMain] INFO  com.zaxxer.hikari.HikariDataSource - HikariPool-1 - Starting...
2025-06-10 09:03:48.312 [restartedMain] INFO  com.zaxxer.hikari.pool.HikariPool - HikariPool-1 - Added connection com.mysql.cj.jdbc.ConnectionImpl@377f263e
2025-06-10 09:03:48.314 [restartedMain] INFO  com.zaxxer.hikari.HikariDataSource - HikariPool-1 - Start completed.
2025-06-10 09:03:48.384 [restartedMain] WARN  org.hibernate.orm.deprecation - HHH90000025: MySQL8Dialect does not need to be specified explicitly using 'hibernate.dialect' (remove the property setting and it will be selected by default)
2025-06-10 09:03:48.386 [restartedMain] WARN  org.hibernate.orm.deprecation - HHH90000026: MySQL8Dialect has been deprecated; use org.hibernate.dialect.MySQLDialect instead
2025-06-10 09:03:48.408 [restartedMain] INFO  o.hibernate.orm.connections.pooling - HHH10001005: Database info:
	Database JDBC URL [Connecting through datasource 'HikariDataSource (HikariPool-1)']
	Database driver: undefined/unknown
	Database version: 8.0
	Autocommit mode: undefined/unknown
	Isolation level: undefined/unknown
	Minimum pool size: undefined/unknown
	Maximum pool size: undefined/unknown
2025-06-10 09:03:49.372 [restartedMain] INFO  o.h.e.t.j.p.i.JtaPlatformInitiator - HHH000489: No JTA platform available (set 'hibernate.transaction.jta.platform' to enable JTA platform integration)
2025-06-10 09:03:49.436 [restartedMain] INFO  o.s.o.j.LocalContainerEntityManagerFactoryBean - Initialized JPA EntityManagerFactory for persistence unit 'default'
2025-06-10 09:03:49.920 [restartedMain] INFO  o.s.d.j.r.query.QueryEnhancerFactory - Hibernate is in classpath; If applicable, HQL parser will be used.
2025-06-10 09:03:51.900 [restartedMain] WARN  o.s.b.a.o.j.JpaBaseConfiguration$JpaWebConfiguration - spring.jpa.open-in-view is enabled by default. Therefore, database queries may be performed during view rendering. Explicitly configure spring.jpa.open-in-view to disable this warning
2025-06-10 09:03:53.379 [restartedMain] INFO  o.s.b.d.a.OptionalLiveReloadServer - LiveReload server is running on port 35729
2025-06-10 09:03:53.534 [restartedMain] INFO  o.a.coyote.http11.Http11NioProtocol - Starting ProtocolHandler ["http-nio-8086"]
2025-06-10 09:03:53.605 [restartedMain] INFO  o.s.b.w.e.tomcat.TomcatWebServer - Tomcat started on port 8086 (http) with context path '/'
2025-06-10 09:03:53.677 [restartedMain] INFO  c.w.worker.management.Application - Started Application in 10.506 seconds (process running for 11.745)
2025-06-10 09:03:56.646 [http-nio-8086-exec-2] INFO  o.a.c.c.C.[Tomcat].[localhost].[/] - Initializing Spring DispatcherServlet 'dispatcherServlet'
2025-06-10 09:03:56.646 [http-nio-8086-exec-2] INFO  o.s.web.servlet.DispatcherServlet - Initializing Servlet 'dispatcherServlet'
2025-06-10 09:03:56.646 [http-nio-8086-exec-2] INFO  o.s.web.servlet.DispatcherServlet - Completed initialization in 0 ms
2025-06-10 09:03:57.080 [http-nio-8086-exec-2] INFO  c.w.w.m.c.WorkerAssignmentController - assigning worker
2025-06-10 09:03:57.479 [http-nio-8086-exec-2] INFO  c.w.w.m.s.s.WorkerAssignmentServiceImpl - Assigned worker W015 to assignment A005
2025-06-10 09:04:01.982 [http-nio-8086-exec-3] INFO  c.w.w.m.c.WorkerAssignmentController - assigning worker
2025-06-10 09:04:02.009 [http-nio-8086-exec-3] ERROR c.w.w.m.e.GlobalExceptionHandler - Worker already assigned exception thrown
2025-06-10 09:04:02.025 [http-nio-8086-exec-3] WARN  o.s.w.s.m.m.a.ExceptionHandlerExceptionResolver - Resolved [com.wastewise.worker.management.exception.WorkersAlreadyAssignedException: Worker is not available for assignment]
2025-06-10 09:04:09.985 [http-nio-8086-exec-4] INFO  c.w.w.m.c.WorkerAssignmentController - assigning worker
2025-06-10 09:04:10.003 [http-nio-8086-exec-4] INFO  c.w.w.m.s.s.WorkerAssignmentServiceImpl - Assigned worker W016 to assignment A005
2025-06-10 09:05:34.332 [SpringApplicationShutdownHook] INFO  o.s.b.w.e.tomcat.GracefulShutdown - Commencing graceful shutdown. Waiting for active requests to complete
2025-06-10 09:05:34.347 [tomcat-shutdown] INFO  o.s.b.w.e.tomcat.GracefulShutdown - Graceful shutdown complete
2025-06-10 09:05:34.364 [SpringApplicationShutdownHook] INFO  o.s.o.j.LocalContainerEntityManagerFactoryBean - Closing JPA EntityManagerFactory for persistence unit 'default'
2025-06-10 09:05:34.372 [SpringApplicationShutdownHook] INFO  com.zaxxer.hikari.HikariDataSource - HikariPool-1 - Shutdown initiated...
2025-06-10 09:05:34.387 [SpringApplicationShutdownHook] INFO  com.zaxxer.hikari.HikariDataSource - HikariPool-1 - Shutdown completed.
2025-06-10 09:05:40.541 [background-preinit] INFO  o.h.validator.internal.util.Version - HV000001: Hibernate Validator 8.0.2.Final
2025-06-10 09:05:40.611 [restartedMain] INFO  c.w.worker.management.Application - Starting Application using Java 21 with PID 20060 (C:\Users\2408482\Documents\worker.management\target\classes started by 2408482 in C:\Users\2408482\Documents\worker.management)
2025-06-10 09:05:40.613 [restartedMain] INFO  c.w.worker.management.Application - No active profile set, falling back to 1 default profile: "default"
2025-06-10 09:05:40.672 [restartedMain] INFO  o.s.b.d.e.DevToolsPropertyDefaultsPostProcessor - Devtools property defaults active! Set 'spring.devtools.add-properties' to 'false' to disable
2025-06-10 09:05:42.053 [restartedMain] INFO  o.s.d.r.c.RepositoryConfigurationDelegate - Bootstrapping Spring Data JPA repositories in DEFAULT mode.
2025-06-10 09:05:42.215 [restartedMain] INFO  o.s.d.r.c.RepositoryConfigurationDelegate - Finished Spring Data repository scanning in 116 ms. Found 2 JPA repository interfaces.
2025-06-10 09:05:42.501 [restartedMain] INFO  o.s.cloud.context.scope.GenericScope - BeanFactory id=4ed8d0a7-8c78-3873-8d0a-61af206c8a4f
2025-06-10 09:05:43.272 [restartedMain] INFO  o.s.b.w.e.tomcat.TomcatWebServer - Tomcat initialized with port 8086 (http)
2025-06-10 09:05:43.293 [restartedMain] INFO  o.a.coyote.http11.Http11NioProtocol - Initializing ProtocolHandler ["http-nio-8086"]
2025-06-10 09:05:43.299 [restartedMain] INFO  o.a.catalina.core.StandardService - Starting service [Tomcat]
2025-06-10 09:05:43.299 [restartedMain] INFO  o.a.catalina.core.StandardEngine - Starting Servlet engine: [Apache Tomcat/10.1.41]
2025-06-10 09:05:43.403 [restartedMain] INFO  o.a.c.c.C.[Tomcat].[localhost].[/] - Initializing Spring embedded WebApplicationContext
2025-06-10 09:05:43.405 [restartedMain] INFO  o.s.b.w.s.c.ServletWebServerApplicationContext - Root WebApplicationContext: initialization completed in 2730 ms
2025-06-10 09:05:43.767 [restartedMain] INFO  o.h.jpa.internal.util.LogHelper - HHH000204: Processing PersistenceUnitInfo [name: default]
2025-06-10 09:05:43.912 [restartedMain] INFO  org.hibernate.Version - HHH000412: Hibernate ORM core version 6.6.15.Final
2025-06-10 09:05:43.977 [restartedMain] INFO  o.h.c.i.RegionFactoryInitiator - HHH000026: Second-level cache disabled
2025-06-10 09:05:44.452 [restartedMain] INFO  o.s.o.j.p.SpringPersistenceUnitInfo - No LoadTimeWeaver setup: ignoring JPA class transformer
2025-06-10 09:05:44.493 [restartedMain] INFO  com.zaxxer.hikari.HikariDataSource - HikariPool-1 - Starting...
2025-06-10 09:05:44.916 [restartedMain] INFO  com.zaxxer.hikari.pool.HikariPool - HikariPool-1 - Added connection com.mysql.cj.jdbc.ConnectionImpl@47bc4b54
2025-06-10 09:05:44.918 [restartedMain] INFO  com.zaxxer.hikari.HikariDataSource - HikariPool-1 - Start completed.
2025-06-10 09:05:44.973 [restartedMain] WARN  org.hibernate.orm.deprecation - HHH90000025: MySQL8Dialect does not need to be specified explicitly using 'hibernate.dialect' (remove the property setting and it will be selected by default)
2025-06-10 09:05:44.974 [restartedMain] WARN  org.hibernate.orm.deprecation - HHH90000026: MySQL8Dialect has been deprecated; use org.hibernate.dialect.MySQLDialect instead
2025-06-10 09:05:45.002 [restartedMain] INFO  o.hibernate.orm.connections.pooling - HHH10001005: Database info:
	Database JDBC URL [Connecting through datasource 'HikariDataSource (HikariPool-1)']
	Database driver: undefined/unknown
	Database version: 8.0
	Autocommit mode: undefined/unknown
	Isolation level: undefined/unknown
	Minimum pool size: undefined/unknown
	Maximum pool size: undefined/unknown
2025-06-10 09:05:45.986 [restartedMain] INFO  o.h.e.t.j.p.i.JtaPlatformInitiator - HHH000489: No JTA platform available (set 'hibernate.transaction.jta.platform' to enable JTA platform integration)
2025-06-10 09:05:46.063 [restartedMain] INFO  o.s.o.j.LocalContainerEntityManagerFactoryBean - Initialized JPA EntityManagerFactory for persistence unit 'default'
2025-06-10 09:05:46.661 [restartedMain] INFO  o.s.d.j.r.query.QueryEnhancerFactory - Hibernate is in classpath; If applicable, HQL parser will be used.
2025-06-10 09:05:47.695 [restartedMain] WARN  o.s.b.a.o.j.JpaBaseConfiguration$JpaWebConfiguration - spring.jpa.open-in-view is enabled by default. Therefore, database queries may be performed during view rendering. Explicitly configure spring.jpa.open-in-view to disable this warning
2025-06-10 09:05:48.568 [restartedMain] INFO  o.s.b.d.a.OptionalLiveReloadServer - LiveReload server is running on port 35729
2025-06-10 09:05:48.650 [restartedMain] INFO  o.a.coyote.http11.Http11NioProtocol - Starting ProtocolHandler ["http-nio-8086"]
2025-06-10 09:05:48.677 [restartedMain] INFO  o.s.b.w.e.tomcat.TomcatWebServer - Tomcat started on port 8086 (http) with context path '/'
2025-06-10 09:05:48.700 [restartedMain] INFO  c.w.worker.management.Application - Started Application in 9.085 seconds (process running for 10.086)
2025-06-10 09:05:58.977 [http-nio-8086-exec-1] INFO  o.a.c.c.C.[Tomcat].[localhost].[/] - Initializing Spring DispatcherServlet 'dispatcherServlet'
2025-06-10 09:05:58.978 [http-nio-8086-exec-1] INFO  o.s.web.servlet.DispatcherServlet - Initializing Servlet 'dispatcherServlet'
2025-06-10 09:05:58.978 [http-nio-8086-exec-1] INFO  o.s.web.servlet.DispatcherServlet - Completed initialization in 0 ms
2025-06-10 09:05:59.128 [http-nio-8086-exec-1] INFO  c.w.w.m.c.WorkerAssignmentController - Replacing workers W015 and W015 assigned to the assignment A005 with workers W017 and W018
2025-06-10 09:05:59.278 [http-nio-8086-exec-1] INFO  c.w.w.m.s.s.WorkerAssignmentServiceImpl - Reassigned assignment A005 from workers W015 and W016 to W017 and W018
2025-06-10 09:15:34.117 [SpringApplicationShutdownHook] INFO  o.s.b.w.e.tomcat.GracefulShutdown - Commencing graceful shutdown. Waiting for active requests to complete
2025-06-10 09:15:34.133 [tomcat-shutdown] INFO  o.s.b.w.e.tomcat.GracefulShutdown - Graceful shutdown complete
2025-06-10 09:15:34.164 [SpringApplicationShutdownHook] INFO  o.s.o.j.LocalContainerEntityManagerFactoryBean - Closing JPA EntityManagerFactory for persistence unit 'default'
2025-06-10 09:15:34.179 [SpringApplicationShutdownHook] INFO  com.zaxxer.hikari.HikariDataSource - HikariPool-1 - Shutdown initiated...
2025-06-10 09:15:34.211 [SpringApplicationShutdownHook] INFO  com.zaxxer.hikari.HikariDataSource - HikariPool-1 - Shutdown completed.
