2025-06-12 10:45:39.737 [background-preinit] INFO  o.h.validator.internal.util.Version - HV000001: Hibernate Validator 8.0.2.Final
2025-06-12 10:45:39.909 [restartedMain] INFO  c.w.worker.management.Application - Starting Application using Java 21 with PID 19588 (C:\Users\2408482\Documents\worker.management\target\classes started by 2408482 in C:\Users\2408482\Documents\worker.management)
2025-06-12 10:45:39.913 [restartedMain] INFO  c.w.worker.management.Application - No active profile set, falling back to 1 default profile: "default"
2025-06-12 10:45:40.055 [restartedMain] INFO  o.s.b.d.e.DevToolsPropertyDefaultsPostProcessor - Devtools property defaults active! Set 'spring.devtools.add-properties' to 'false' to disable
2025-06-12 10:45:45.484 [restartedMain] INFO  o.s.d.r.c.RepositoryConfigurationDelegate - Bootstrapping Spring Data JPA repositories in DEFAULT mode.
2025-06-12 10:45:46.666 [restartedMain] INFO  o.s.d.r.c.RepositoryConfigurationDelegate - Finished Spring Data repository scanning in 1067 ms. Found 2 JPA repository interfaces.
2025-06-12 10:45:47.861 [restartedMain] INFO  o.s.cloud.context.scope.GenericScope - BeanFactory id=4ed8d0a7-8c78-3873-8d0a-61af206c8a4f
2025-06-12 10:45:50.636 [restartedMain] INFO  o.s.b.w.e.tomcat.TomcatWebServer - Tomcat initialized with port 8086 (http)
2025-06-12 10:45:50.729 [restartedMain] INFO  o.a.coyote.http11.Http11NioProtocol - Initializing ProtocolHandler ["http-nio-8086"]
2025-06-12 10:45:50.765 [restartedMain] INFO  o.a.catalina.core.StandardService - Starting service [Tomcat]
2025-06-12 10:45:50.766 [restartedMain] INFO  o.a.catalina.core.StandardEngine - Starting Servlet engine: [Apache Tomcat/10.1.41]
2025-06-12 10:45:51.149 [restartedMain] INFO  o.a.c.c.C.[Tomcat].[localhost].[/] - Initializing Spring embedded WebApplicationContext
2025-06-12 10:45:51.149 [restartedMain] INFO  o.s.b.w.s.c.ServletWebServerApplicationContext - Root WebApplicationContext: initialization completed in 11092 ms
2025-06-12 10:45:52.248 [restartedMain] INFO  o.h.jpa.internal.util.LogHelper - HHH000204: Processing PersistenceUnitInfo [name: default]
2025-06-12 10:45:52.713 [restartedMain] INFO  org.hibernate.Version - HHH000412: Hibernate ORM core version 6.6.15.Final
2025-06-12 10:45:52.946 [restartedMain] INFO  o.h.c.i.RegionFactoryInitiator - HHH000026: Second-level cache disabled
2025-06-12 10:45:54.744 [restartedMain] INFO  o.s.o.j.p.SpringPersistenceUnitInfo - No LoadTimeWeaver setup: ignoring JPA class transformer
2025-06-12 10:45:54.944 [restartedMain] INFO  com.zaxxer.hikari.HikariDataSource - HikariPool-1 - Starting...
2025-06-12 10:45:56.800 [restartedMain] INFO  com.zaxxer.hikari.pool.HikariPool - HikariPool-1 - Added connection com.mysql.cj.jdbc.ConnectionImpl@169953a5
2025-06-12 10:45:56.811 [restartedMain] INFO  com.zaxxer.hikari.HikariDataSource - HikariPool-1 - Start completed.
2025-06-12 10:45:57.128 [restartedMain] WARN  org.hibernate.orm.deprecation - HHH90000025: MySQL8Dialect does not need to be specified explicitly using 'hibernate.dialect' (remove the property setting and it will be selected by default)
2025-06-12 10:45:57.133 [restartedMain] WARN  org.hibernate.orm.deprecation - HHH90000026: MySQL8Dialect has been deprecated; use org.hibernate.dialect.MySQLDialect instead
2025-06-12 10:45:57.589 [restartedMain] INFO  o.hibernate.orm.connections.pooling - HHH10001005: Database info:
	Database JDBC URL [Connecting through datasource 'HikariDataSource (HikariPool-1)']
	Database driver: undefined/unknown
	Database version: 8.0
	Autocommit mode: undefined/unknown
	Isolation level: undefined/unknown
	Minimum pool size: undefined/unknown
	Maximum pool size: undefined/unknown
2025-06-12 10:46:04.405 [restartedMain] INFO  o.h.e.t.j.p.i.JtaPlatformInitiator - HHH000489: No JTA platform available (set 'hibernate.transaction.jta.platform' to enable JTA platform integration)
2025-06-12 10:46:04.861 [restartedMain] INFO  o.s.o.j.LocalContainerEntityManagerFactoryBean - Initialized JPA EntityManagerFactory for persistence unit 'default'
2025-06-12 10:46:07.340 [restartedMain] INFO  o.s.d.j.r.query.QueryEnhancerFactory - Hibernate is in classpath; If applicable, HQL parser will be used.
2025-06-12 10:46:11.023 [restartedMain] WARN  o.s.b.a.o.j.JpaBaseConfiguration$JpaWebConfiguration - spring.jpa.open-in-view is enabled by default. Therefore, database queries may be performed during view rendering. Explicitly configure spring.jpa.open-in-view to disable this warning
2025-06-12 10:46:13.619 [restartedMain] INFO  o.s.b.d.a.OptionalLiveReloadServer - LiveReload server is running on port 35729
2025-06-12 10:46:13.935 [restartedMain] INFO  o.a.coyote.http11.Http11NioProtocol - Starting ProtocolHandler ["http-nio-8086"]
2025-06-12 10:46:14.056 [restartedMain] INFO  o.s.b.w.e.tomcat.TomcatWebServer - Tomcat started on port 8086 (http) with context path '/'
2025-06-12 10:46:14.225 [restartedMain] INFO  c.w.worker.management.Application - Started Application in 36.3 seconds (process running for 38.977)
2025-06-12 10:46:27.954 [http-nio-8086-exec-1] INFO  o.a.c.c.C.[Tomcat].[localhost].[/] - Initializing Spring DispatcherServlet 'dispatcherServlet'
2025-06-12 10:46:27.955 [http-nio-8086-exec-1] INFO  o.s.web.servlet.DispatcherServlet - Initializing Servlet 'dispatcherServlet'
2025-06-12 10:46:27.959 [http-nio-8086-exec-1] INFO  o.s.web.servlet.DispatcherServlet - Completed initialization in 2 ms
2025-06-12 10:46:28.726 [http-nio-8086-exec-1] ERROR c.w.w.m.e.GlobalExceptionHandler - Method argument not valid exception thrown
2025-06-12 10:46:28.800 [http-nio-8086-exec-1] WARN  o.s.w.s.m.m.a.ExceptionHandlerExceptionResolver - Resolved [org.springframework.web.bind.MethodArgumentNotValidException: Validation failed for argument [0] in public org.springframework.http.ResponseEntity<java.lang.String> com.wastewise.worker.management.controller.WorkerController.createWorker(com.wastewise.worker.management.dto.WorkerCreateDTO): [Field error in object 'workerCreateDTO' on field 'workerStatus': rejected value [OCCUPIED]; codes [Pattern.workerCreateDTO.workerStatus,Pattern.workerStatus,Pattern.java.lang.String,Pattern]; arguments [org.springframework.context.support.DefaultMessageSourceResolvable: codes [workerCreateDTO.workerStatus,workerStatus]; arguments []; default message [workerStatus],[Ljakarta.validation.constraints.Pattern$Flag;@525841f2,AVAILABLE]; default message [worker status should be available when creating]] ]
2025-06-12 10:46:47.601 [http-nio-8086-exec-4] INFO  c.w.w.m.controller.WorkerController - Creating a new worker profile
2025-06-12 10:46:47.947 [http-nio-8086-exec-4] INFO  c.w.w.m.s.s.WorkerServiceImpl - Creating new worker: W019
2025-06-12 10:47:03.605 [http-nio-8086-exec-5] INFO  c.w.w.m.controller.WorkerController - Creating a new worker profile
2025-06-12 10:47:03.617 [http-nio-8086-exec-5] INFO  c.w.w.m.s.s.WorkerServiceImpl - Creating new worker: W020
2025-06-12 10:47:03.637 [http-nio-8086-exec-5] ERROR c.w.w.m.e.GlobalExceptionHandler - Used contact information passed
2025-06-12 10:47:03.641 [http-nio-8086-exec-5] WARN  o.s.w.s.m.m.a.ExceptionHandlerExceptionResolver - Resolved [com.wastewise.worker.management.exception.ContactInformationUsedException: The given contact number is already being used, please enter a different number]
2025-06-12 10:47:26.077 [http-nio-8086-exec-10] INFO  c.w.w.m.controller.WorkerController - Creating a new worker profile
2025-06-12 10:47:26.090 [http-nio-8086-exec-10] INFO  c.w.w.m.s.s.WorkerServiceImpl - Creating new worker: W020
2025-06-12 10:47:46.945 [http-nio-8086-exec-6] INFO  c.w.w.m.controller.WorkerController - Creating a new worker profile
2025-06-12 10:47:46.957 [http-nio-8086-exec-6] INFO  c.w.w.m.s.s.WorkerServiceImpl - Creating new worker: W021
2025-06-12 10:47:46.976 [http-nio-8086-exec-6] ERROR c.w.w.m.e.GlobalExceptionHandler - Used contact information passed
2025-06-12 10:47:46.979 [http-nio-8086-exec-6] WARN  o.s.w.s.m.m.a.ExceptionHandlerExceptionResolver - Resolved [com.wastewise.worker.management.exception.ContactInformationUsedException: The given contact number is already being used, please enter a different number]
2025-06-12 10:48:01.748 [SpringApplicationShutdownHook] INFO  o.s.b.w.e.tomcat.GracefulShutdown - Commencing graceful shutdown. Waiting for active requests to complete
2025-06-12 10:48:01.764 [tomcat-shutdown] INFO  o.s.b.w.e.tomcat.GracefulShutdown - Graceful shutdown complete
2025-06-12 10:48:01.775 [SpringApplicationShutdownHook] INFO  o.s.o.j.LocalContainerEntityManagerFactoryBean - Closing JPA EntityManagerFactory for persistence unit 'default'
2025-06-12 10:48:01.785 [SpringApplicationShutdownHook] INFO  com.zaxxer.hikari.HikariDataSource - HikariPool-1 - Shutdown initiated...
2025-06-12 10:48:01.813 [SpringApplicationShutdownHook] INFO  com.zaxxer.hikari.HikariDataSource - HikariPool-1 - Shutdown completed.
2025-06-12 10:53:26.881 [background-preinit] INFO  o.h.validator.internal.util.Version - HV000001: Hibernate Validator 8.0.2.Final
2025-06-12 10:53:27.045 [restartedMain] INFO  c.w.worker.management.Application - Starting Application using Java 21 with PID 6256 (C:\Users\2408482\Documents\worker.management\target\classes started by 2408482 in C:\Users\2408482\Documents\worker.management)
2025-06-12 10:53:27.047 [restartedMain] INFO  c.w.worker.management.Application - No active profile set, falling back to 1 default profile: "default"
2025-06-12 10:53:27.198 [restartedMain] INFO  o.s.b.d.e.DevToolsPropertyDefaultsPostProcessor - Devtools property defaults active! Set 'spring.devtools.add-properties' to 'false' to disable
2025-06-12 10:53:30.301 [restartedMain] INFO  o.s.d.r.c.RepositoryConfigurationDelegate - Bootstrapping Spring Data JPA repositories in DEFAULT mode.
2025-06-12 10:53:30.527 [restartedMain] INFO  o.s.d.r.c.RepositoryConfigurationDelegate - Finished Spring Data repository scanning in 189 ms. Found 2 JPA repository interfaces.
2025-06-12 10:53:30.973 [restartedMain] INFO  o.s.cloud.context.scope.GenericScope - BeanFactory id=4ed8d0a7-8c78-3873-8d0a-61af206c8a4f
2025-06-12 10:53:32.314 [restartedMain] INFO  o.s.b.w.e.tomcat.TomcatWebServer - Tomcat initialized with port 8086 (http)
2025-06-12 10:53:32.388 [restartedMain] INFO  o.a.coyote.http11.Http11NioProtocol - Initializing ProtocolHandler ["http-nio-8086"]
2025-06-12 10:53:32.396 [restartedMain] INFO  o.a.catalina.core.StandardService - Starting service [Tomcat]
2025-06-12 10:53:32.397 [restartedMain] INFO  o.a.catalina.core.StandardEngine - Starting Servlet engine: [Apache Tomcat/10.1.41]
2025-06-12 10:53:32.617 [restartedMain] INFO  o.a.c.c.C.[Tomcat].[localhost].[/] - Initializing Spring embedded WebApplicationContext
2025-06-12 10:53:32.619 [restartedMain] INFO  o.s.b.w.s.c.ServletWebServerApplicationContext - Root WebApplicationContext: initialization completed in 5417 ms
2025-06-12 10:53:33.099 [restartedMain] INFO  o.h.jpa.internal.util.LogHelper - HHH000204: Processing PersistenceUnitInfo [name: default]
2025-06-12 10:53:33.278 [restartedMain] INFO  org.hibernate.Version - HHH000412: Hibernate ORM core version 6.6.15.Final
2025-06-12 10:53:33.376 [restartedMain] INFO  o.h.c.i.RegionFactoryInitiator - HHH000026: Second-level cache disabled
2025-06-12 10:53:34.080 [restartedMain] INFO  o.s.o.j.p.SpringPersistenceUnitInfo - No LoadTimeWeaver setup: ignoring JPA class transformer
2025-06-12 10:53:34.152 [restartedMain] INFO  com.zaxxer.hikari.HikariDataSource - HikariPool-1 - Starting...
2025-06-12 10:53:35.054 [restartedMain] INFO  com.zaxxer.hikari.pool.HikariPool - HikariPool-1 - Added connection com.mysql.cj.jdbc.ConnectionImpl@41a7cd78
2025-06-12 10:53:35.061 [restartedMain] INFO  com.zaxxer.hikari.HikariDataSource - HikariPool-1 - Start completed.
2025-06-12 10:53:35.168 [restartedMain] WARN  org.hibernate.orm.deprecation - HHH90000025: MySQL8Dialect does not need to be specified explicitly using 'hibernate.dialect' (remove the property setting and it will be selected by default)
2025-06-12 10:53:35.174 [restartedMain] WARN  org.hibernate.orm.deprecation - HHH90000026: MySQL8Dialect has been deprecated; use org.hibernate.dialect.MySQLDialect instead
2025-06-12 10:53:35.290 [restartedMain] INFO  o.hibernate.orm.connections.pooling - HHH10001005: Database info:
	Database JDBC URL [Connecting through datasource 'HikariDataSource (HikariPool-1)']
	Database driver: undefined/unknown
	Database version: 8.0
	Autocommit mode: undefined/unknown
	Isolation level: undefined/unknown
	Minimum pool size: undefined/unknown
	Maximum pool size: undefined/unknown
2025-06-12 10:53:37.544 [restartedMain] INFO  o.h.e.t.j.p.i.JtaPlatformInitiator - HHH000489: No JTA platform available (set 'hibernate.transaction.jta.platform' to enable JTA platform integration)
2025-06-12 10:53:37.676 [restartedMain] INFO  o.s.o.j.LocalContainerEntityManagerFactoryBean - Initialized JPA EntityManagerFactory for persistence unit 'default'
2025-06-12 10:53:39.213 [restartedMain] INFO  o.s.d.j.r.query.QueryEnhancerFactory - Hibernate is in classpath; If applicable, HQL parser will be used.
2025-06-12 10:53:41.351 [restartedMain] WARN  o.s.b.a.o.j.JpaBaseConfiguration$JpaWebConfiguration - spring.jpa.open-in-view is enabled by default. Therefore, database queries may be performed during view rendering. Explicitly configure spring.jpa.open-in-view to disable this warning
2025-06-12 10:53:42.534 [restartedMain] INFO  o.s.b.d.a.OptionalLiveReloadServer - LiveReload server is running on port 35729
2025-06-12 10:53:42.697 [restartedMain] INFO  o.a.coyote.http11.Http11NioProtocol - Starting ProtocolHandler ["http-nio-8086"]
2025-06-12 10:53:42.752 [restartedMain] INFO  o.s.b.w.e.tomcat.TomcatWebServer - Tomcat started on port 8086 (http) with context path '/'
2025-06-12 10:53:42.793 [restartedMain] INFO  c.w.worker.management.Application - Started Application in 17.595 seconds (process running for 19.609)
2025-06-12 10:54:17.713 [http-nio-8086-exec-1] INFO  o.a.c.c.C.[Tomcat].[localhost].[/] - Initializing Spring DispatcherServlet 'dispatcherServlet'
2025-06-12 10:54:17.713 [http-nio-8086-exec-1] INFO  o.s.web.servlet.DispatcherServlet - Initializing Servlet 'dispatcherServlet'
2025-06-12 10:54:17.713 [http-nio-8086-exec-1] INFO  o.s.web.servlet.DispatcherServlet - Completed initialization in 0 ms
2025-06-12 10:54:18.387 [http-nio-8086-exec-1] INFO  c.w.w.m.controller.WorkerController - Creating a new worker profile
2025-06-12 10:54:18.774 [http-nio-8086-exec-1] INFO  c.w.w.m.s.s.WorkerServiceImpl - Creating new worker: W021
2025-06-12 10:54:18.921 [http-nio-8086-exec-1] ERROR c.w.w.m.e.GlobalExceptionHandler - Used contact information passed
2025-06-12 10:54:18.981 [http-nio-8086-exec-1] WARN  o.s.w.s.m.m.a.ExceptionHandlerExceptionResolver - Resolved [com.wastewise.worker.management.exception.ContactInformationUsedException: The given contact number is already being used, please enter a different number]
2025-06-12 10:55:11.588 [http-nio-8086-exec-3] INFO  c.w.w.m.controller.WorkerController - Creating a new worker profile
2025-06-12 10:55:11.604 [http-nio-8086-exec-3] INFO  c.w.w.m.s.s.WorkerServiceImpl - Creating new worker: W021
2025-06-12 10:55:11.617 [http-nio-8086-exec-3] ERROR c.w.w.m.e.GlobalExceptionHandler - Used contact information passed
2025-06-12 10:55:11.635 [http-nio-8086-exec-3] WARN  o.s.w.s.m.m.a.ExceptionHandlerExceptionResolver - Resolved [com.wastewise.worker.management.exception.ContactInformationUsedException: The given contact number is already being used, please enter a different number]
2025-06-12 10:55:56.729 [SpringApplicationShutdownHook] INFO  o.s.b.w.e.tomcat.GracefulShutdown - Commencing graceful shutdown. Waiting for active requests to complete
2025-06-12 10:55:56.740 [tomcat-shutdown] INFO  o.s.b.w.e.tomcat.GracefulShutdown - Graceful shutdown complete
2025-06-12 10:55:56.752 [SpringApplicationShutdownHook] INFO  o.s.o.j.LocalContainerEntityManagerFactoryBean - Closing JPA EntityManagerFactory for persistence unit 'default'
2025-06-12 10:55:56.760 [SpringApplicationShutdownHook] INFO  com.zaxxer.hikari.HikariDataSource - HikariPool-1 - Shutdown initiated...
2025-06-12 10:55:56.784 [SpringApplicationShutdownHook] INFO  com.zaxxer.hikari.HikariDataSource - HikariPool-1 - Shutdown completed.
2025-06-12 10:59:38.559 [background-preinit] INFO  o.h.validator.internal.util.Version - HV000001: Hibernate Validator 8.0.2.Final
2025-06-12 10:59:38.682 [restartedMain] INFO  c.w.worker.management.Application - Starting Application using Java 21 with PID 22456 (C:\Users\2408482\Documents\worker.management\target\classes started by 2408482 in C:\Users\2408482\Documents\worker.management)
2025-06-12 10:59:38.684 [restartedMain] INFO  c.w.worker.management.Application - No active profile set, falling back to 1 default profile: "default"
2025-06-12 10:59:38.835 [restartedMain] INFO  o.s.b.d.e.DevToolsPropertyDefaultsPostProcessor - Devtools property defaults active! Set 'spring.devtools.add-properties' to 'false' to disable
2025-06-12 10:59:42.062 [restartedMain] INFO  o.s.d.r.c.RepositoryConfigurationDelegate - Bootstrapping Spring Data JPA repositories in DEFAULT mode.
2025-06-12 10:59:42.377 [restartedMain] INFO  o.s.d.r.c.RepositoryConfigurationDelegate - Finished Spring Data repository scanning in 281 ms. Found 2 JPA repository interfaces.
2025-06-12 10:59:43.164 [restartedMain] INFO  o.s.cloud.context.scope.GenericScope - BeanFactory id=4ed8d0a7-8c78-3873-8d0a-61af206c8a4f
2025-06-12 10:59:46.007 [restartedMain] INFO  o.s.b.w.e.tomcat.TomcatWebServer - Tomcat initialized with port 8086 (http)
2025-06-12 10:59:46.087 [restartedMain] INFO  o.a.coyote.http11.Http11NioProtocol - Initializing ProtocolHandler ["http-nio-8086"]
2025-06-12 10:59:46.098 [restartedMain] INFO  o.a.catalina.core.StandardService - Starting service [Tomcat]
2025-06-12 10:59:46.099 [restartedMain] INFO  o.a.catalina.core.StandardEngine - Starting Servlet engine: [Apache Tomcat/10.1.41]
2025-06-12 10:59:46.624 [restartedMain] INFO  o.a.c.c.C.[Tomcat].[localhost].[/] - Initializing Spring embedded WebApplicationContext
2025-06-12 10:59:46.631 [restartedMain] INFO  o.s.b.w.s.c.ServletWebServerApplicationContext - Root WebApplicationContext: initialization completed in 7788 ms
2025-06-12 10:59:47.718 [restartedMain] INFO  o.h.jpa.internal.util.LogHelper - HHH000204: Processing PersistenceUnitInfo [name: default]
2025-06-12 10:59:48.223 [restartedMain] INFO  org.hibernate.Version - HHH000412: Hibernate ORM core version 6.6.15.Final
2025-06-12 10:59:48.532 [restartedMain] INFO  o.h.c.i.RegionFactoryInitiator - HHH000026: Second-level cache disabled
2025-06-12 10:59:50.299 [restartedMain] INFO  o.s.o.j.p.SpringPersistenceUnitInfo - No LoadTimeWeaver setup: ignoring JPA class transformer
2025-06-12 10:59:50.476 [restartedMain] INFO  com.zaxxer.hikari.HikariDataSource - HikariPool-1 - Starting...
2025-06-12 10:59:52.230 [restartedMain] INFO  com.zaxxer.hikari.pool.HikariPool - HikariPool-1 - Added connection com.mysql.cj.jdbc.ConnectionImpl@42478cef
2025-06-12 10:59:52.239 [restartedMain] INFO  com.zaxxer.hikari.HikariDataSource - HikariPool-1 - Start completed.
2025-06-12 10:59:52.510 [restartedMain] WARN  org.hibernate.orm.deprecation - HHH90000025: MySQL8Dialect does not need to be specified explicitly using 'hibernate.dialect' (remove the property setting and it will be selected by default)
2025-06-12 10:59:52.515 [restartedMain] WARN  org.hibernate.orm.deprecation - HHH90000026: MySQL8Dialect has been deprecated; use org.hibernate.dialect.MySQLDialect instead
2025-06-12 10:59:52.623 [restartedMain] INFO  o.hibernate.orm.connections.pooling - HHH10001005: Database info:
	Database JDBC URL [Connecting through datasource 'HikariDataSource (HikariPool-1)']
	Database driver: undefined/unknown
	Database version: 8.0
	Autocommit mode: undefined/unknown
	Isolation level: undefined/unknown
	Minimum pool size: undefined/unknown
	Maximum pool size: undefined/unknown
2025-06-12 10:59:57.394 [restartedMain] INFO  o.h.e.t.j.p.i.JtaPlatformInitiator - HHH000489: No JTA platform available (set 'hibernate.transaction.jta.platform' to enable JTA platform integration)
2025-06-12 10:59:57.695 [restartedMain] INFO  o.s.o.j.LocalContainerEntityManagerFactoryBean - Initialized JPA EntityManagerFactory for persistence unit 'default'
2025-06-12 10:59:58.857 [restartedMain] INFO  o.s.d.j.r.query.QueryEnhancerFactory - Hibernate is in classpath; If applicable, HQL parser will be used.
2025-06-12 11:00:00.931 [restartedMain] WARN  o.s.b.a.o.j.JpaBaseConfiguration$JpaWebConfiguration - spring.jpa.open-in-view is enabled by default. Therefore, database queries may be performed during view rendering. Explicitly configure spring.jpa.open-in-view to disable this warning
2025-06-12 11:00:02.221 [restartedMain] INFO  o.s.b.d.a.OptionalLiveReloadServer - LiveReload server is running on port 35729
2025-06-12 11:00:02.396 [restartedMain] INFO  o.a.coyote.http11.Http11NioProtocol - Starting ProtocolHandler ["http-nio-8086"]
2025-06-12 11:00:02.442 [restartedMain] INFO  o.s.b.w.e.tomcat.TomcatWebServer - Tomcat started on port 8086 (http) with context path '/'
2025-06-12 11:00:02.471 [restartedMain] INFO  c.w.worker.management.Application - Started Application in 25.527 seconds (process running for 27.917)
2025-06-12 11:00:12.603 [http-nio-8086-exec-1] INFO  o.a.c.c.C.[Tomcat].[localhost].[/] - Initializing Spring DispatcherServlet 'dispatcherServlet'
2025-06-12 11:00:12.604 [http-nio-8086-exec-1] INFO  o.s.web.servlet.DispatcherServlet - Initializing Servlet 'dispatcherServlet'
2025-06-12 11:00:12.606 [http-nio-8086-exec-1] INFO  o.s.web.servlet.DispatcherServlet - Completed initialization in 2 ms
2025-06-12 11:00:12.816 [http-nio-8086-exec-1] INFO  c.w.w.m.controller.WorkerController - Creating a new worker profile
2025-06-12 11:00:12.938 [http-nio-8086-exec-1] INFO  c.w.w.m.s.s.WorkerServiceImpl - Creating new worker: W021
2025-06-12 11:00:12.990 [http-nio-8086-exec-1] ERROR c.w.w.m.e.GlobalExceptionHandler - Used contact information passed
2025-06-12 11:00:13.011 [http-nio-8086-exec-1] WARN  o.s.w.s.m.m.a.ExceptionHandlerExceptionResolver - Resolved [com.wastewise.worker.management.exception.ContactInformationUsedException: The given contact email is already being used, please enter a different email]
2025-06-12 11:00:33.555 [SpringApplicationShutdownHook] INFO  o.s.b.w.e.tomcat.GracefulShutdown - Commencing graceful shutdown. Waiting for active requests to complete
2025-06-12 11:00:33.579 [tomcat-shutdown] INFO  o.s.b.w.e.tomcat.GracefulShutdown - Graceful shutdown complete
2025-06-12 11:00:33.600 [SpringApplicationShutdownHook] INFO  o.s.o.j.LocalContainerEntityManagerFactoryBean - Closing JPA EntityManagerFactory for persistence unit 'default'
2025-06-12 11:00:33.613 [SpringApplicationShutdownHook] INFO  com.zaxxer.hikari.HikariDataSource - HikariPool-1 - Shutdown initiated...
2025-06-12 11:00:33.650 [SpringApplicationShutdownHook] INFO  com.zaxxer.hikari.HikariDataSource - HikariPool-1 - Shutdown completed.
2025-06-12 11:06:27.548 [background-preinit] INFO  o.h.validator.internal.util.Version - HV000001: Hibernate Validator 8.0.2.Final
2025-06-12 11:06:27.731 [restartedMain] INFO  c.w.worker.management.Application - Starting Application using Java 21 with PID 32080 (C:\Users\2408482\Documents\worker.management\target\classes started by 2408482 in C:\Users\2408482\Documents\worker.management)
2025-06-12 11:06:27.735 [restartedMain] INFO  c.w.worker.management.Application - No active profile set, falling back to 1 default profile: "default"
2025-06-12 11:06:27.892 [restartedMain] INFO  o.s.b.d.e.DevToolsPropertyDefaultsPostProcessor - Devtools property defaults active! Set 'spring.devtools.add-properties' to 'false' to disable
2025-06-12 11:06:30.727 [restartedMain] INFO  o.s.d.r.c.RepositoryConfigurationDelegate - Bootstrapping Spring Data JPA repositories in DEFAULT mode.
2025-06-12 11:06:30.932 [restartedMain] INFO  o.s.d.r.c.RepositoryConfigurationDelegate - Finished Spring Data repository scanning in 161 ms. Found 2 JPA repository interfaces.
2025-06-12 11:06:31.656 [restartedMain] INFO  o.s.cloud.context.scope.GenericScope - BeanFactory id=4ed8d0a7-8c78-3873-8d0a-61af206c8a4f
2025-06-12 11:06:34.610 [restartedMain] INFO  o.s.b.w.e.tomcat.TomcatWebServer - Tomcat initialized with port 8086 (http)
2025-06-12 11:06:34.689 [restartedMain] INFO  o.a.coyote.http11.Http11NioProtocol - Initializing ProtocolHandler ["http-nio-8086"]
2025-06-12 11:06:34.739 [restartedMain] INFO  o.a.catalina.core.StandardService - Starting service [Tomcat]
2025-06-12 11:06:34.741 [restartedMain] INFO  o.a.catalina.core.StandardEngine - Starting Servlet engine: [Apache Tomcat/10.1.41]
2025-06-12 11:06:35.138 [restartedMain] INFO  o.a.c.c.C.[Tomcat].[localhost].[/] - Initializing Spring embedded WebApplicationContext
2025-06-12 11:06:35.144 [restartedMain] INFO  o.s.b.w.s.c.ServletWebServerApplicationContext - Root WebApplicationContext: initialization completed in 7245 ms
2025-06-12 11:06:36.104 [restartedMain] INFO  o.h.jpa.internal.util.LogHelper - HHH000204: Processing PersistenceUnitInfo [name: default]
2025-06-12 11:06:36.515 [restartedMain] INFO  org.hibernate.Version - HHH000412: Hibernate ORM core version 6.6.15.Final
2025-06-12 11:06:36.719 [restartedMain] INFO  o.h.c.i.RegionFactoryInitiator - HHH000026: Second-level cache disabled
2025-06-12 11:06:38.435 [restartedMain] INFO  o.s.o.j.p.SpringPersistenceUnitInfo - No LoadTimeWeaver setup: ignoring JPA class transformer
2025-06-12 11:06:38.572 [restartedMain] INFO  com.zaxxer.hikari.HikariDataSource - HikariPool-1 - Starting...
2025-06-12 11:06:40.397 [restartedMain] INFO  com.zaxxer.hikari.pool.HikariPool - HikariPool-1 - Added connection com.mysql.cj.jdbc.ConnectionImpl@25c2570f
2025-06-12 11:06:40.408 [restartedMain] INFO  com.zaxxer.hikari.HikariDataSource - HikariPool-1 - Start completed.
2025-06-12 11:06:40.875 [restartedMain] WARN  org.hibernate.orm.deprecation - HHH90000025: MySQL8Dialect does not need to be specified explicitly using 'hibernate.dialect' (remove the property setting and it will be selected by default)
2025-06-12 11:06:40.886 [restartedMain] WARN  org.hibernate.orm.deprecation - HHH90000026: MySQL8Dialect has been deprecated; use org.hibernate.dialect.MySQLDialect instead
2025-06-12 11:06:41.032 [restartedMain] INFO  o.hibernate.orm.connections.pooling - HHH10001005: Database info:
	Database JDBC URL [Connecting through datasource 'HikariDataSource (HikariPool-1)']
	Database driver: undefined/unknown
	Database version: 8.0
	Autocommit mode: undefined/unknown
	Isolation level: undefined/unknown
	Minimum pool size: undefined/unknown
	Maximum pool size: undefined/unknown
2025-06-12 11:06:44.901 [restartedMain] INFO  o.h.e.t.j.p.i.JtaPlatformInitiator - HHH000489: No JTA platform available (set 'hibernate.transaction.jta.platform' to enable JTA platform integration)
2025-06-12 11:06:45.096 [restartedMain] INFO  o.s.o.j.LocalContainerEntityManagerFactoryBean - Initialized JPA EntityManagerFactory for persistence unit 'default'
2025-06-12 11:06:46.203 [restartedMain] INFO  o.s.d.j.r.query.QueryEnhancerFactory - Hibernate is in classpath; If applicable, HQL parser will be used.
2025-06-12 11:06:48.289 [restartedMain] WARN  o.s.b.a.o.j.JpaBaseConfiguration$JpaWebConfiguration - spring.jpa.open-in-view is enabled by default. Therefore, database queries may be performed during view rendering. Explicitly configure spring.jpa.open-in-view to disable this warning
2025-06-12 11:06:49.576 [restartedMain] INFO  o.s.b.d.a.OptionalLiveReloadServer - LiveReload server is running on port 35729
2025-06-12 11:06:49.720 [restartedMain] INFO  o.a.coyote.http11.Http11NioProtocol - Starting ProtocolHandler ["http-nio-8086"]
2025-06-12 11:06:49.783 [restartedMain] INFO  o.s.b.w.e.tomcat.TomcatWebServer - Tomcat started on port 8086 (http) with context path '/'
2025-06-12 11:06:49.822 [restartedMain] INFO  c.w.worker.management.Application - Started Application in 24.286 seconds (process running for 26.368)
2025-06-12 11:06:54.893 [http-nio-8086-exec-1] INFO  o.a.c.c.C.[Tomcat].[localhost].[/] - Initializing Spring DispatcherServlet 'dispatcherServlet'
2025-06-12 11:06:54.893 [http-nio-8086-exec-1] INFO  o.s.web.servlet.DispatcherServlet - Initializing Servlet 'dispatcherServlet'
2025-06-12 11:06:54.895 [http-nio-8086-exec-1] INFO  o.s.web.servlet.DispatcherServlet - Completed initialization in 2 ms
2025-06-12 11:06:55.229 [http-nio-8086-exec-1] INFO  c.w.w.m.controller.WorkerController - Creating a new worker profile
2025-06-12 11:06:55.356 [http-nio-8086-exec-1] INFO  c.w.w.m.s.s.WorkerServiceImpl - Creating new worker: W021
2025-06-12 11:06:55.416 [http-nio-8086-exec-1] ERROR c.w.w.m.e.GlobalExceptionHandler - Used contact information passed
2025-06-12 11:06:55.459 [http-nio-8086-exec-1] WARN  o.s.w.s.m.m.a.ExceptionHandlerExceptionResolver - Resolved [com.wastewise.worker.management.exception.ContactInformationUsedException: The given contact email is already being used, please enter a different email]
2025-06-12 11:07:08.064 [http-nio-8086-exec-3] ERROR c.w.w.m.e.GlobalExceptionHandler - Unexpected error occurred
2025-06-12 11:07:08.071 [http-nio-8086-exec-3] WARN  o.s.w.s.m.m.a.ExceptionHandlerExceptionResolver - Resolved [org.springframework.http.converter.HttpMessageNotReadableException: JSON parse error: Unexpected character (',' (code 44)): expected a value]
2025-06-12 11:08:17.525 [http-nio-8086-exec-6] INFO  c.w.w.m.controller.WorkerController - Creating a new worker profile
2025-06-12 11:08:17.542 [http-nio-8086-exec-6] INFO  c.w.w.m.s.s.WorkerServiceImpl - Creating new worker: W021
2025-06-12 11:08:17.553 [http-nio-8086-exec-6] ERROR c.w.w.m.e.GlobalExceptionHandler - Unexpected error occurred
2025-06-12 11:08:17.553 [http-nio-8086-exec-6] WARN  o.s.w.s.m.m.a.ExceptionHandlerExceptionResolver - Resolved [java.lang.NullPointerException: Cannot invoke "String.isEmpty()" because the return value of "com.wastewise.worker.management.dto.WorkerCreateDTO.getContactEmail()" is null]
2025-06-12 11:08:51.073 [SpringApplicationShutdownHook] INFO  o.s.b.w.e.tomcat.GracefulShutdown - Commencing graceful shutdown. Waiting for active requests to complete
2025-06-12 11:08:51.089 [tomcat-shutdown] INFO  o.s.b.w.e.tomcat.GracefulShutdown - Graceful shutdown complete
2025-06-12 11:08:51.103 [SpringApplicationShutdownHook] INFO  o.s.o.j.LocalContainerEntityManagerFactoryBean - Closing JPA EntityManagerFactory for persistence unit 'default'
2025-06-12 11:08:51.112 [SpringApplicationShutdownHook] INFO  com.zaxxer.hikari.HikariDataSource - HikariPool-1 - Shutdown initiated...
2025-06-12 11:08:51.146 [SpringApplicationShutdownHook] INFO  com.zaxxer.hikari.HikariDataSource - HikariPool-1 - Shutdown completed.
2025-06-12 11:09:03.740 [background-preinit] INFO  o.h.validator.internal.util.Version - HV000001: Hibernate Validator 8.0.2.Final
2025-06-12 11:09:03.918 [restartedMain] INFO  c.w.worker.management.Application - Starting Application using Java 21 with PID 5020 (C:\Users\2408482\Documents\worker.management\target\classes started by 2408482 in C:\Users\2408482\Documents\worker.management)
2025-06-12 11:09:03.922 [restartedMain] INFO  c.w.worker.management.Application - No active profile set, falling back to 1 default profile: "default"
2025-06-12 11:09:04.056 [restartedMain] INFO  o.s.b.d.e.DevToolsPropertyDefaultsPostProcessor - Devtools property defaults active! Set 'spring.devtools.add-properties' to 'false' to disable
2025-06-12 11:09:06.862 [restartedMain] INFO  o.s.d.r.c.RepositoryConfigurationDelegate - Bootstrapping Spring Data JPA repositories in DEFAULT mode.
2025-06-12 11:09:07.091 [restartedMain] INFO  o.s.d.r.c.RepositoryConfigurationDelegate - Finished Spring Data repository scanning in 192 ms. Found 2 JPA repository interfaces.
2025-06-12 11:09:07.525 [restartedMain] INFO  o.s.cloud.context.scope.GenericScope - BeanFactory id=4ed8d0a7-8c78-3873-8d0a-61af206c8a4f
2025-06-12 11:09:09.027 [restartedMain] INFO  o.s.b.w.e.tomcat.TomcatWebServer - Tomcat initialized with port 8086 (http)
2025-06-12 11:09:09.096 [restartedMain] INFO  o.a.coyote.http11.Http11NioProtocol - Initializing ProtocolHandler ["http-nio-8086"]
2025-06-12 11:09:09.107 [restartedMain] INFO  o.a.catalina.core.StandardService - Starting service [Tomcat]
2025-06-12 11:09:09.108 [restartedMain] INFO  o.a.catalina.core.StandardEngine - Starting Servlet engine: [Apache Tomcat/10.1.41]
2025-06-12 11:09:09.302 [restartedMain] INFO  o.a.c.c.C.[Tomcat].[localhost].[/] - Initializing Spring embedded WebApplicationContext
2025-06-12 11:09:09.306 [restartedMain] INFO  o.s.b.w.s.c.ServletWebServerApplicationContext - Root WebApplicationContext: initialization completed in 5244 ms
2025-06-12 11:09:09.905 [restartedMain] INFO  o.h.jpa.internal.util.LogHelper - HHH000204: Processing PersistenceUnitInfo [name: default]
2025-06-12 11:09:10.115 [restartedMain] INFO  org.hibernate.Version - HHH000412: Hibernate ORM core version 6.6.15.Final
2025-06-12 11:09:10.277 [restartedMain] INFO  o.h.c.i.RegionFactoryInitiator - HHH000026: Second-level cache disabled
2025-06-12 11:09:11.324 [restartedMain] INFO  o.s.o.j.p.SpringPersistenceUnitInfo - No LoadTimeWeaver setup: ignoring JPA class transformer
2025-06-12 11:09:11.395 [restartedMain] INFO  com.zaxxer.hikari.HikariDataSource - HikariPool-1 - Starting...
2025-06-12 11:09:12.315 [restartedMain] INFO  com.zaxxer.hikari.pool.HikariPool - HikariPool-1 - Added connection com.mysql.cj.jdbc.ConnectionImpl@27ed800c
2025-06-12 11:09:12.319 [restartedMain] INFO  com.zaxxer.hikari.HikariDataSource - HikariPool-1 - Start completed.
2025-06-12 11:09:12.489 [restartedMain] WARN  org.hibernate.orm.deprecation - HHH90000025: MySQL8Dialect does not need to be specified explicitly using 'hibernate.dialect' (remove the property setting and it will be selected by default)
2025-06-12 11:09:12.493 [restartedMain] WARN  org.hibernate.orm.deprecation - HHH90000026: MySQL8Dialect has been deprecated; use org.hibernate.dialect.MySQLDialect instead
2025-06-12 11:09:12.587 [restartedMain] INFO  o.hibernate.orm.connections.pooling - HHH10001005: Database info:
	Database JDBC URL [Connecting through datasource 'HikariDataSource (HikariPool-1)']
	Database driver: undefined/unknown
	Database version: 8.0
	Autocommit mode: undefined/unknown
	Isolation level: undefined/unknown
	Minimum pool size: undefined/unknown
	Maximum pool size: undefined/unknown
2025-06-12 11:09:14.577 [restartedMain] INFO  o.h.e.t.j.p.i.JtaPlatformInitiator - HHH000489: No JTA platform available (set 'hibernate.transaction.jta.platform' to enable JTA platform integration)
2025-06-12 11:09:14.766 [restartedMain] INFO  o.s.o.j.LocalContainerEntityManagerFactoryBean - Initialized JPA EntityManagerFactory for persistence unit 'default'
2025-06-12 11:09:15.951 [restartedMain] INFO  o.s.d.j.r.query.QueryEnhancerFactory - Hibernate is in classpath; If applicable, HQL parser will be used.
2025-06-12 11:09:18.055 [restartedMain] WARN  o.s.b.a.o.j.JpaBaseConfiguration$JpaWebConfiguration - spring.jpa.open-in-view is enabled by default. Therefore, database queries may be performed during view rendering. Explicitly configure spring.jpa.open-in-view to disable this warning
2025-06-12 11:09:19.316 [restartedMain] INFO  o.s.b.d.a.OptionalLiveReloadServer - LiveReload server is running on port 35729
2025-06-12 11:09:19.447 [restartedMain] INFO  o.a.coyote.http11.Http11NioProtocol - Starting ProtocolHandler ["http-nio-8086"]
2025-06-12 11:09:19.498 [restartedMain] INFO  o.s.b.w.e.tomcat.TomcatWebServer - Tomcat started on port 8086 (http) with context path '/'
2025-06-12 11:09:19.540 [restartedMain] INFO  c.w.worker.management.Application - Started Application in 17.446 seconds (process running for 19.574)
2025-06-12 11:09:51.292 [SpringApplicationShutdownHook] INFO  o.s.b.w.e.tomcat.GracefulShutdown - Commencing graceful shutdown. Waiting for active requests to complete
2025-06-12 11:09:51.306 [tomcat-shutdown] INFO  o.s.b.w.e.tomcat.GracefulShutdown - Graceful shutdown complete
2025-06-12 11:09:51.315 [SpringApplicationShutdownHook] INFO  o.s.o.j.LocalContainerEntityManagerFactoryBean - Closing JPA EntityManagerFactory for persistence unit 'default'
2025-06-12 11:09:51.324 [SpringApplicationShutdownHook] INFO  com.zaxxer.hikari.HikariDataSource - HikariPool-1 - Shutdown initiated...
2025-06-12 11:09:51.351 [SpringApplicationShutdownHook] INFO  com.zaxxer.hikari.HikariDataSource - HikariPool-1 - Shutdown completed.
2025-06-12 11:27:04.565 [background-preinit] INFO  o.h.validator.internal.util.Version - HV000001: Hibernate Validator 8.0.2.Final
2025-06-12 11:27:04.735 [restartedMain] INFO  c.w.worker.management.Application - Starting Application using Java 21 with PID 31928 (C:\Users\2408482\Documents\worker.management\target\classes started by 2408482 in C:\Users\2408482\Documents\worker.management)
2025-06-12 11:27:04.743 [restartedMain] INFO  c.w.worker.management.Application - No active profile set, falling back to 1 default profile: "default"
2025-06-12 11:27:04.874 [restartedMain] INFO  o.s.b.d.e.DevToolsPropertyDefaultsPostProcessor - Devtools property defaults active! Set 'spring.devtools.add-properties' to 'false' to disable
2025-06-12 11:27:08.659 [restartedMain] INFO  o.s.d.r.c.RepositoryConfigurationDelegate - Bootstrapping Spring Data JPA repositories in DEFAULT mode.
2025-06-12 11:27:09.022 [restartedMain] INFO  o.s.d.r.c.RepositoryConfigurationDelegate - Finished Spring Data repository scanning in 314 ms. Found 2 JPA repository interfaces.
2025-06-12 11:27:09.888 [restartedMain] INFO  o.s.cloud.context.scope.GenericScope - BeanFactory id=4ed8d0a7-8c78-3873-8d0a-61af206c8a4f
2025-06-12 11:27:12.087 [restartedMain] INFO  o.s.b.w.e.tomcat.TomcatWebServer - Tomcat initialized with port 8086 (http)
2025-06-12 11:27:12.166 [restartedMain] INFO  o.a.coyote.http11.Http11NioProtocol - Initializing ProtocolHandler ["http-nio-8086"]
2025-06-12 11:27:12.181 [restartedMain] INFO  o.a.catalina.core.StandardService - Starting service [Tomcat]
2025-06-12 11:27:12.181 [restartedMain] INFO  o.a.catalina.core.StandardEngine - Starting Servlet engine: [Apache Tomcat/10.1.41]
2025-06-12 11:27:12.433 [restartedMain] INFO  o.a.c.c.C.[Tomcat].[localhost].[/] - Initializing Spring embedded WebApplicationContext
2025-06-12 11:27:12.433 [restartedMain] INFO  o.s.b.w.s.c.ServletWebServerApplicationContext - Root WebApplicationContext: initialization completed in 7551 ms
2025-06-12 11:27:13.352 [restartedMain] INFO  o.h.jpa.internal.util.LogHelper - HHH000204: Processing PersistenceUnitInfo [name: default]
2025-06-12 11:27:13.586 [restartedMain] INFO  org.hibernate.Version - HHH000412: Hibernate ORM core version 6.6.15.Final
2025-06-12 11:27:13.675 [restartedMain] INFO  o.h.c.i.RegionFactoryInitiator - HHH000026: Second-level cache disabled
2025-06-12 11:27:14.363 [restartedMain] INFO  o.s.o.j.p.SpringPersistenceUnitInfo - No LoadTimeWeaver setup: ignoring JPA class transformer
2025-06-12 11:27:14.410 [restartedMain] INFO  com.zaxxer.hikari.HikariDataSource - HikariPool-1 - Starting...
2025-06-12 11:27:15.092 [restartedMain] INFO  com.zaxxer.hikari.pool.HikariPool - HikariPool-1 - Added connection com.mysql.cj.jdbc.ConnectionImpl@7c592d3d
2025-06-12 11:27:15.095 [restartedMain] INFO  com.zaxxer.hikari.HikariDataSource - HikariPool-1 - Start completed.
2025-06-12 11:27:15.207 [restartedMain] WARN  org.hibernate.orm.deprecation - HHH90000025: MySQL8Dialect does not need to be specified explicitly using 'hibernate.dialect' (remove the property setting and it will be selected by default)
2025-06-12 11:27:15.211 [restartedMain] WARN  org.hibernate.orm.deprecation - HHH90000026: MySQL8Dialect has been deprecated; use org.hibernate.dialect.MySQLDialect instead
2025-06-12 11:27:15.299 [restartedMain] INFO  o.hibernate.orm.connections.pooling - HHH10001005: Database info:
	Database JDBC URL [Connecting through datasource 'HikariDataSource (HikariPool-1)']
	Database driver: undefined/unknown
	Database version: 8.0
	Autocommit mode: undefined/unknown
	Isolation level: undefined/unknown
	Minimum pool size: undefined/unknown
	Maximum pool size: undefined/unknown
2025-06-12 11:27:17.338 [restartedMain] INFO  o.h.e.t.j.p.i.JtaPlatformInitiator - HHH000489: No JTA platform available (set 'hibernate.transaction.jta.platform' to enable JTA platform integration)
2025-06-12 11:27:17.584 [restartedMain] INFO  o.s.o.j.LocalContainerEntityManagerFactoryBean - Initialized JPA EntityManagerFactory for persistence unit 'default'
2025-06-12 11:27:18.765 [restartedMain] INFO  o.s.d.j.r.query.QueryEnhancerFactory - Hibernate is in classpath; If applicable, HQL parser will be used.
2025-06-12 11:27:20.924 [restartedMain] WARN  o.s.b.a.o.j.JpaBaseConfiguration$JpaWebConfiguration - spring.jpa.open-in-view is enabled by default. Therefore, database queries may be performed during view rendering. Explicitly configure spring.jpa.open-in-view to disable this warning
2025-06-12 11:27:22.063 [restartedMain] INFO  o.s.b.d.a.OptionalLiveReloadServer - LiveReload server is running on port 35729
2025-06-12 11:27:22.203 [restartedMain] INFO  o.a.coyote.http11.Http11NioProtocol - Starting ProtocolHandler ["http-nio-8086"]
2025-06-12 11:27:22.251 [restartedMain] INFO  o.s.b.w.e.tomcat.TomcatWebServer - Tomcat started on port 8086 (http) with context path '/'
2025-06-12 11:27:22.283 [restartedMain] INFO  c.w.worker.management.Application - Started Application in 19.702 seconds (process running for 22.275)
2025-06-12 11:27:32.921 [http-nio-8086-exec-2] INFO  o.a.c.c.C.[Tomcat].[localhost].[/] - Initializing Spring DispatcherServlet 'dispatcherServlet'
2025-06-12 11:27:32.921 [http-nio-8086-exec-2] INFO  o.s.web.servlet.DispatcherServlet - Initializing Servlet 'dispatcherServlet'
2025-06-12 11:27:32.922 [http-nio-8086-exec-2] INFO  o.s.web.servlet.DispatcherServlet - Completed initialization in 1 ms
2025-06-12 11:27:33.162 [http-nio-8086-exec-2] INFO  c.w.w.m.controller.WorkerController - Creating a new worker profile
2025-06-12 11:27:33.316 [http-nio-8086-exec-2] INFO  c.w.w.m.s.s.WorkerServiceImpl - Creating new worker: W021
2025-06-12 11:27:50.109 [http-nio-8086-exec-3] INFO  c.w.w.m.controller.WorkerController - Creating a new worker profile
2025-06-12 11:27:50.122 [http-nio-8086-exec-3] INFO  c.w.w.m.s.s.WorkerServiceImpl - Creating new worker: W022
2025-06-12 11:28:08.795 [http-nio-8086-exec-4] INFO  c.w.w.m.controller.WorkerController - Fetching all the workers
2025-06-12 11:28:08.795 [http-nio-8086-exec-4] INFO  c.w.w.m.s.s.WorkerServiceImpl - Fetching all the workers' information
2025-06-12 11:28:23.583 [http-nio-8086-exec-5] INFO  c.w.w.m.controller.WorkerController - fetching the list of all workerIds
2025-06-12 11:28:23.583 [http-nio-8086-exec-5] INFO  c.w.w.m.s.s.WorkerServiceImpl - fetching all the worker Ids
2025-06-12 11:28:41.729 [http-nio-8086-exec-6] INFO  c.w.w.m.controller.WorkerController - fetching all the available workers
2025-06-12 11:28:41.729 [http-nio-8086-exec-6] INFO  c.w.w.m.s.s.WorkerServiceImpl - fetching all the worker Ids with status 'AVAILABLE'
2025-06-12 11:29:33.653 [http-nio-8086-exec-7] INFO  c.w.w.m.controller.WorkerController - Finding worker with id {W016}
2025-06-12 11:29:33.686 [http-nio-8086-exec-7] ERROR c.w.w.m.e.GlobalExceptionHandler - Worker not found exception thrown and handled
2025-06-12 11:29:33.689 [http-nio-8086-exec-7] WARN  o.s.w.s.m.m.a.ExceptionHandlerExceptionResolver - Resolved [com.wastewise.worker.management.exception.WorkerNotFoundException: Worker with id {W016} does not exist]
2025-06-12 11:30:00.826 [http-nio-8086-exec-8] INFO  c.w.w.m.controller.WorkerController - Finding worker with id W016
2025-06-12 11:30:00.842 [http-nio-8086-exec-8] INFO  c.w.w.m.s.s.WorkerServiceImpl - fetching worker with id W016
2025-06-12 11:33:38.605 [http-nio-8086-exec-1] INFO  c.w.w.m.controller.WorkerController - updating worker with id W016
2025-06-12 11:33:38.613 [http-nio-8086-exec-1] INFO  c.w.w.m.s.s.WorkerServiceImpl - fetching worker with id W016 to update
2025-06-12 11:33:38.622 [http-nio-8086-exec-1] INFO  c.w.w.m.s.s.WorkerServiceImpl - updating details of the worker with id W016
2025-06-12 11:34:04.313 [http-nio-8086-exec-2] INFO  c.w.w.m.controller.WorkerController - Updating the status of worker with id W004 to status DELETED
2025-06-12 11:34:04.317 [http-nio-8086-exec-2] INFO  c.w.w.m.s.s.WorkerServiceImpl - fetching the worker with id W004 to update status
2025-06-12 11:34:04.320 [http-nio-8086-exec-2] INFO  c.w.w.m.s.s.WorkerServiceImpl - Changing the status of worker to DELETED
2025-06-12 11:34:05.878 [http-nio-8086-exec-2] WARN  o.h.e.jdbc.spi.SqlExceptionHelper - SQL Error: 1265, SQLState: 01000
2025-06-12 11:34:05.879 [http-nio-8086-exec-2] ERROR o.h.e.jdbc.spi.SqlExceptionHelper - Data truncated for column 'worker_status' at row 1
2025-06-12 11:34:05.907 [http-nio-8086-exec-2] ERROR c.w.w.m.e.GlobalExceptionHandler - Unexpected error occurred
2025-06-12 11:34:05.910 [http-nio-8086-exec-2] WARN  o.s.w.s.m.m.a.ExceptionHandlerExceptionResolver - Resolved [org.springframework.orm.jpa.JpaSystemException: could not execute statement [Data truncated for column 'worker_status' at row 1] [update worker set contact_email=?,contact_number=?,created_by=?,created_date=?,name=?,role_id=?,updated_by=?,updated_date=?,worker_status=? where worker_id=?]]
2025-06-12 11:35:34.500 [SpringApplicationShutdownHook] INFO  o.s.b.w.e.tomcat.GracefulShutdown - Commencing graceful shutdown. Waiting for active requests to complete
2025-06-12 11:35:34.514 [tomcat-shutdown] INFO  o.s.b.w.e.tomcat.GracefulShutdown - Graceful shutdown complete
2025-06-12 11:35:34.526 [SpringApplicationShutdownHook] INFO  o.s.o.j.LocalContainerEntityManagerFactoryBean - Closing JPA EntityManagerFactory for persistence unit 'default'
2025-06-12 11:35:34.537 [SpringApplicationShutdownHook] INFO  com.zaxxer.hikari.HikariDataSource - HikariPool-1 - Shutdown initiated...
2025-06-12 11:35:34.563 [SpringApplicationShutdownHook] INFO  com.zaxxer.hikari.HikariDataSource - HikariPool-1 - Shutdown completed.
2025-06-12 11:35:49.114 [background-preinit] INFO  o.h.validator.internal.util.Version - HV000001: Hibernate Validator 8.0.2.Final
2025-06-12 11:35:49.254 [restartedMain] INFO  c.w.worker.management.Application - Starting Application using Java 21 with PID 24492 (C:\Users\2408482\Documents\worker.management\target\classes started by 2408482 in C:\Users\2408482\Documents\worker.management)
2025-06-12 11:35:49.259 [restartedMain] INFO  c.w.worker.management.Application - No active profile set, falling back to 1 default profile: "default"
2025-06-12 11:35:49.422 [restartedMain] INFO  o.s.b.d.e.DevToolsPropertyDefaultsPostProcessor - Devtools property defaults active! Set 'spring.devtools.add-properties' to 'false' to disable
2025-06-12 11:35:53.251 [restartedMain] INFO  o.s.d.r.c.RepositoryConfigurationDelegate - Bootstrapping Spring Data JPA repositories in DEFAULT mode.
2025-06-12 11:35:53.589 [restartedMain] INFO  o.s.d.r.c.RepositoryConfigurationDelegate - Finished Spring Data repository scanning in 259 ms. Found 2 JPA repository interfaces.
2025-06-12 11:35:54.227 [restartedMain] INFO  o.s.cloud.context.scope.GenericScope - BeanFactory id=4ed8d0a7-8c78-3873-8d0a-61af206c8a4f
2025-06-12 11:35:56.259 [restartedMain] INFO  o.s.b.w.e.tomcat.TomcatWebServer - Tomcat initialized with port 8086 (http)
2025-06-12 11:35:56.333 [restartedMain] INFO  o.a.coyote.http11.Http11NioProtocol - Initializing ProtocolHandler ["http-nio-8086"]
2025-06-12 11:35:56.347 [restartedMain] INFO  o.a.catalina.core.StandardService - Starting service [Tomcat]
2025-06-12 11:35:56.349 [restartedMain] INFO  o.a.catalina.core.StandardEngine - Starting Servlet engine: [Apache Tomcat/10.1.41]
2025-06-12 11:35:56.697 [restartedMain] INFO  o.a.c.c.C.[Tomcat].[localhost].[/] - Initializing Spring embedded WebApplicationContext
2025-06-12 11:35:56.704 [restartedMain] INFO  o.s.b.w.s.c.ServletWebServerApplicationContext - Root WebApplicationContext: initialization completed in 7275 ms
2025-06-12 11:35:57.367 [restartedMain] INFO  o.h.jpa.internal.util.LogHelper - HHH000204: Processing PersistenceUnitInfo [name: default]
2025-06-12 11:35:57.643 [restartedMain] INFO  org.hibernate.Version - HHH000412: Hibernate ORM core version 6.6.15.Final
2025-06-12 11:35:57.725 [restartedMain] INFO  o.h.c.i.RegionFactoryInitiator - HHH000026: Second-level cache disabled
2025-06-12 11:35:58.520 [restartedMain] INFO  o.s.o.j.p.SpringPersistenceUnitInfo - No LoadTimeWeaver setup: ignoring JPA class transformer
2025-06-12 11:35:58.605 [restartedMain] INFO  com.zaxxer.hikari.HikariDataSource - HikariPool-1 - Starting...
2025-06-12 11:35:59.448 [restartedMain] INFO  com.zaxxer.hikari.pool.HikariPool - HikariPool-1 - Added connection com.mysql.cj.jdbc.ConnectionImpl@42478cef
2025-06-12 11:35:59.457 [restartedMain] INFO  com.zaxxer.hikari.HikariDataSource - HikariPool-1 - Start completed.
2025-06-12 11:35:59.678 [restartedMain] WARN  org.hibernate.orm.deprecation - HHH90000025: MySQL8Dialect does not need to be specified explicitly using 'hibernate.dialect' (remove the property setting and it will be selected by default)
2025-06-12 11:35:59.687 [restartedMain] WARN  org.hibernate.orm.deprecation - HHH90000026: MySQL8Dialect has been deprecated; use org.hibernate.dialect.MySQLDialect instead
2025-06-12 11:35:59.816 [restartedMain] INFO  o.hibernate.orm.connections.pooling - HHH10001005: Database info:
	Database JDBC URL [Connecting through datasource 'HikariDataSource (HikariPool-1)']
	Database driver: undefined/unknown
	Database version: 8.0
	Autocommit mode: undefined/unknown
	Isolation level: undefined/unknown
	Minimum pool size: undefined/unknown
	Maximum pool size: undefined/unknown
2025-06-12 11:36:01.884 [restartedMain] INFO  o.h.e.t.j.p.i.JtaPlatformInitiator - HHH000489: No JTA platform available (set 'hibernate.transaction.jta.platform' to enable JTA platform integration)
2025-06-12 11:36:02.045 [restartedMain] INFO  o.s.o.j.LocalContainerEntityManagerFactoryBean - Initialized JPA EntityManagerFactory for persistence unit 'default'
2025-06-12 11:36:03.079 [restartedMain] INFO  o.s.d.j.r.query.QueryEnhancerFactory - Hibernate is in classpath; If applicable, HQL parser will be used.
2025-06-12 11:36:05.074 [restartedMain] WARN  o.s.b.a.o.j.JpaBaseConfiguration$JpaWebConfiguration - spring.jpa.open-in-view is enabled by default. Therefore, database queries may be performed during view rendering. Explicitly configure spring.jpa.open-in-view to disable this warning
2025-06-12 11:36:06.773 [restartedMain] INFO  o.s.b.d.a.OptionalLiveReloadServer - LiveReload server is running on port 35729
2025-06-12 11:36:06.951 [restartedMain] INFO  o.a.coyote.http11.Http11NioProtocol - Starting ProtocolHandler ["http-nio-8086"]
2025-06-12 11:36:07.035 [restartedMain] INFO  o.s.b.w.e.tomcat.TomcatWebServer - Tomcat started on port 8086 (http) with context path '/'
2025-06-12 11:36:07.079 [restartedMain] INFO  c.w.worker.management.Application - Started Application in 19.95 seconds (process running for 22.473)
2025-06-12 11:36:13.340 [http-nio-8086-exec-1] INFO  o.a.c.c.C.[Tomcat].[localhost].[/] - Initializing Spring DispatcherServlet 'dispatcherServlet'
2025-06-12 11:36:13.340 [http-nio-8086-exec-1] INFO  o.s.web.servlet.DispatcherServlet - Initializing Servlet 'dispatcherServlet'
2025-06-12 11:36:13.341 [http-nio-8086-exec-1] INFO  o.s.web.servlet.DispatcherServlet - Completed initialization in 1 ms
2025-06-12 11:36:13.390 [http-nio-8086-exec-1] ERROR c.w.w.m.e.GlobalExceptionHandler - Unexpected error occurred
2025-06-12 11:36:13.412 [http-nio-8086-exec-1] WARN  o.s.w.s.m.m.a.ExceptionHandlerExceptionResolver - Resolved [org.springframework.web.HttpRequestMethodNotSupportedException: Request method 'PUT' is not supported]
2025-06-12 11:36:21.014 [http-nio-8086-exec-5] INFO  c.w.w.m.controller.WorkerController - Updating the status of worker with id W004 to status DELETED
2025-06-12 11:36:21.045 [http-nio-8086-exec-5] INFO  c.w.w.m.s.s.WorkerServiceImpl - fetching the worker with id W004 to update status
2025-06-12 11:36:21.279 [http-nio-8086-exec-5] INFO  c.w.w.m.s.s.WorkerServiceImpl - Changing the status of worker to DELETED
2025-06-12 11:36:22.954 [http-nio-8086-exec-5] WARN  o.h.e.jdbc.spi.SqlExceptionHelper - SQL Error: 1265, SQLState: 01000
2025-06-12 11:36:22.955 [http-nio-8086-exec-5] ERROR o.h.e.jdbc.spi.SqlExceptionHelper - Data truncated for column 'worker_status' at row 1
2025-06-12 11:36:22.991 [http-nio-8086-exec-5] ERROR c.w.w.m.e.GlobalExceptionHandler - Unexpected error occurred
2025-06-12 11:36:22.998 [http-nio-8086-exec-5] WARN  o.s.w.s.m.m.a.ExceptionHandlerExceptionResolver - Resolved [org.springframework.orm.jpa.JpaSystemException: could not execute statement [Data truncated for column 'worker_status' at row 1] [update worker set contact_email=?,contact_number=?,created_by=?,created_date=?,name=?,role_id=?,updated_by=?,updated_date=?,worker_status=? where worker_id=?]]
2025-06-12 11:36:48.629 [SpringApplicationShutdownHook] INFO  o.s.b.w.e.tomcat.GracefulShutdown - Commencing graceful shutdown. Waiting for active requests to complete
2025-06-12 11:36:48.653 [tomcat-shutdown] INFO  o.s.b.w.e.tomcat.GracefulShutdown - Graceful shutdown complete
2025-06-12 11:36:48.669 [SpringApplicationShutdownHook] INFO  o.s.o.j.LocalContainerEntityManagerFactoryBean - Closing JPA EntityManagerFactory for persistence unit 'default'
2025-06-12 11:36:48.669 [SpringApplicationShutdownHook] INFO  com.zaxxer.hikari.HikariDataSource - HikariPool-1 - Shutdown initiated...
2025-06-12 11:36:48.716 [SpringApplicationShutdownHook] INFO  com.zaxxer.hikari.HikariDataSource - HikariPool-1 - Shutdown completed.
2025-06-12 11:41:18.207 [background-preinit] INFO  o.h.validator.internal.util.Version - HV000001: Hibernate Validator 8.0.2.Final
2025-06-12 11:41:18.388 [restartedMain] INFO  c.w.worker.management.Application - Starting Application using Java 21 with PID 1768 (C:\Users\2408482\Documents\worker.management\target\classes started by 2408482 in C:\Users\2408482\Documents\worker.management)
2025-06-12 11:41:18.392 [restartedMain] INFO  c.w.worker.management.Application - No active profile set, falling back to 1 default profile: "default"
2025-06-12 11:41:18.522 [restartedMain] INFO  o.s.b.d.e.DevToolsPropertyDefaultsPostProcessor - Devtools property defaults active! Set 'spring.devtools.add-properties' to 'false' to disable
2025-06-12 11:41:21.360 [restartedMain] INFO  o.s.d.r.c.RepositoryConfigurationDelegate - Bootstrapping Spring Data JPA repositories in DEFAULT mode.
2025-06-12 11:41:21.540 [restartedMain] INFO  o.s.d.r.c.RepositoryConfigurationDelegate - Finished Spring Data repository scanning in 149 ms. Found 2 JPA repository interfaces.
2025-06-12 11:41:22.005 [restartedMain] INFO  o.s.cloud.context.scope.GenericScope - BeanFactory id=4ed8d0a7-8c78-3873-8d0a-61af206c8a4f
2025-06-12 11:41:23.221 [restartedMain] INFO  o.s.b.w.e.tomcat.TomcatWebServer - Tomcat initialized with port 8086 (http)
2025-06-12 11:41:23.280 [restartedMain] INFO  o.a.coyote.http11.Http11NioProtocol - Initializing ProtocolHandler ["http-nio-8086"]
2025-06-12 11:41:23.289 [restartedMain] INFO  o.a.catalina.core.StandardService - Starting service [Tomcat]
2025-06-12 11:41:23.290 [restartedMain] INFO  o.a.catalina.core.StandardEngine - Starting Servlet engine: [Apache Tomcat/10.1.41]
2025-06-12 11:41:23.450 [restartedMain] INFO  o.a.c.c.C.[Tomcat].[localhost].[/] - Initializing Spring embedded WebApplicationContext
2025-06-12 11:41:23.452 [restartedMain] INFO  o.s.b.w.s.c.ServletWebServerApplicationContext - Root WebApplicationContext: initialization completed in 4928 ms
2025-06-12 11:41:23.991 [restartedMain] INFO  o.h.jpa.internal.util.LogHelper - HHH000204: Processing PersistenceUnitInfo [name: default]
2025-06-12 11:41:24.213 [restartedMain] INFO  org.hibernate.Version - HHH000412: Hibernate ORM core version 6.6.15.Final
2025-06-12 11:41:24.362 [restartedMain] INFO  o.h.c.i.RegionFactoryInitiator - HHH000026: Second-level cache disabled
2025-06-12 11:41:25.018 [restartedMain] INFO  o.s.o.j.p.SpringPersistenceUnitInfo - No LoadTimeWeaver setup: ignoring JPA class transformer
2025-06-12 11:41:25.105 [restartedMain] INFO  com.zaxxer.hikari.HikariDataSource - HikariPool-1 - Starting...
2025-06-12 11:41:26.056 [restartedMain] INFO  com.zaxxer.hikari.pool.HikariPool - HikariPool-1 - Added connection com.mysql.cj.jdbc.ConnectionImpl@294b232a
2025-06-12 11:41:26.060 [restartedMain] INFO  com.zaxxer.hikari.HikariDataSource - HikariPool-1 - Start completed.
2025-06-12 11:41:26.229 [restartedMain] WARN  org.hibernate.orm.deprecation - HHH90000025: MySQL8Dialect does not need to be specified explicitly using 'hibernate.dialect' (remove the property setting and it will be selected by default)
2025-06-12 11:41:26.232 [restartedMain] WARN  org.hibernate.orm.deprecation - HHH90000026: MySQL8Dialect has been deprecated; use org.hibernate.dialect.MySQLDialect instead
2025-06-12 11:41:26.321 [restartedMain] INFO  o.hibernate.orm.connections.pooling - HHH10001005: Database info:
	Database JDBC URL [Connecting through datasource 'HikariDataSource (HikariPool-1)']
	Database driver: undefined/unknown
	Database version: 8.0
	Autocommit mode: undefined/unknown
	Isolation level: undefined/unknown
	Minimum pool size: undefined/unknown
	Maximum pool size: undefined/unknown
2025-06-12 11:41:28.249 [restartedMain] INFO  o.h.e.t.j.p.i.JtaPlatformInitiator - HHH000489: No JTA platform available (set 'hibernate.transaction.jta.platform' to enable JTA platform integration)
2025-06-12 11:41:28.369 [restartedMain] INFO  o.s.o.j.LocalContainerEntityManagerFactoryBean - Initialized JPA EntityManagerFactory for persistence unit 'default'
2025-06-12 11:41:29.218 [restartedMain] INFO  o.s.d.j.r.query.QueryEnhancerFactory - Hibernate is in classpath; If applicable, HQL parser will be used.
2025-06-12 11:41:31.023 [restartedMain] WARN  o.s.b.a.o.j.JpaBaseConfiguration$JpaWebConfiguration - spring.jpa.open-in-view is enabled by default. Therefore, database queries may be performed during view rendering. Explicitly configure spring.jpa.open-in-view to disable this warning
2025-06-12 11:41:32.221 [restartedMain] INFO  o.s.b.d.a.OptionalLiveReloadServer - LiveReload server is running on port 35729
2025-06-12 11:41:32.372 [restartedMain] INFO  o.a.coyote.http11.Http11NioProtocol - Starting ProtocolHandler ["http-nio-8086"]
2025-06-12 11:41:32.419 [restartedMain] INFO  o.s.b.w.e.tomcat.TomcatWebServer - Tomcat started on port 8086 (http) with context path '/'
2025-06-12 11:41:32.447 [restartedMain] INFO  c.w.worker.management.Application - Started Application in 16.129 seconds (process running for 18.359)
2025-06-12 11:45:55.726 [http-nio-8086-exec-1] INFO  o.a.c.c.C.[Tomcat].[localhost].[/] - Initializing Spring DispatcherServlet 'dispatcherServlet'
2025-06-12 11:45:55.726 [http-nio-8086-exec-1] INFO  o.s.web.servlet.DispatcherServlet - Initializing Servlet 'dispatcherServlet'
2025-06-12 11:45:55.726 [http-nio-8086-exec-1] INFO  o.s.web.servlet.DispatcherServlet - Completed initialization in 0 ms
2025-06-12 11:45:56.125 [http-nio-8086-exec-1] INFO  c.w.w.m.controller.WorkerController - Updating the status of worker with id W004 to status DELETED
2025-06-12 11:45:56.152 [http-nio-8086-exec-1] INFO  c.w.w.m.s.s.WorkerServiceImpl - fetching the worker with id W004 to update status
2025-06-12 11:45:56.459 [http-nio-8086-exec-1] INFO  c.w.w.m.s.s.WorkerServiceImpl - Changing the status of worker to DELETED
2025-06-12 11:46:24.374 [SpringApplicationShutdownHook] INFO  o.s.b.w.e.tomcat.GracefulShutdown - Commencing graceful shutdown. Waiting for active requests to complete
2025-06-12 11:46:24.388 [tomcat-shutdown] INFO  o.s.b.w.e.tomcat.GracefulShutdown - Graceful shutdown complete
2025-06-12 11:46:24.399 [SpringApplicationShutdownHook] INFO  o.s.o.j.LocalContainerEntityManagerFactoryBean - Closing JPA EntityManagerFactory for persistence unit 'default'
2025-06-12 11:46:24.409 [SpringApplicationShutdownHook] INFO  com.zaxxer.hikari.HikariDataSource - HikariPool-1 - Shutdown initiated...
2025-06-12 11:46:24.433 [SpringApplicationShutdownHook] INFO  com.zaxxer.hikari.HikariDataSource - HikariPool-1 - Shutdown completed.
2025-06-12 11:46:39.231 [background-preinit] INFO  o.h.validator.internal.util.Version - HV000001: Hibernate Validator 8.0.2.Final
2025-06-12 11:46:39.834 [restartedMain] INFO  c.w.worker.management.Application - Starting Application using Java 21 with PID 5204 (C:\Users\2408482\Documents\worker.management\target\classes started by 2408482 in C:\Users\2408482\Documents\worker.management)
2025-06-12 11:46:39.834 [restartedMain] INFO  c.w.worker.management.Application - No active profile set, falling back to 1 default profile: "default"
2025-06-12 11:46:40.061 [restartedMain] INFO  o.s.b.d.e.DevToolsPropertyDefaultsPostProcessor - Devtools property defaults active! Set 'spring.devtools.add-properties' to 'false' to disable
2025-06-12 11:46:42.870 [restartedMain] INFO  o.s.d.r.c.RepositoryConfigurationDelegate - Bootstrapping Spring Data JPA repositories in DEFAULT mode.
2025-06-12 11:46:43.134 [restartedMain] INFO  o.s.d.r.c.RepositoryConfigurationDelegate - Finished Spring Data repository scanning in 231 ms. Found 2 JPA repository interfaces.
2025-06-12 11:46:43.684 [restartedMain] INFO  o.s.cloud.context.scope.GenericScope - BeanFactory id=4ed8d0a7-8c78-3873-8d0a-61af206c8a4f
2025-06-12 11:46:45.382 [restartedMain] INFO  o.s.b.w.e.tomcat.TomcatWebServer - Tomcat initialized with port 8086 (http)
2025-06-12 11:46:45.436 [restartedMain] INFO  o.a.coyote.http11.Http11NioProtocol - Initializing ProtocolHandler ["http-nio-8086"]
2025-06-12 11:46:45.444 [restartedMain] INFO  o.a.catalina.core.StandardService - Starting service [Tomcat]
2025-06-12 11:46:45.445 [restartedMain] INFO  o.a.catalina.core.StandardEngine - Starting Servlet engine: [Apache Tomcat/10.1.41]
2025-06-12 11:46:45.640 [restartedMain] INFO  o.a.c.c.C.[Tomcat].[localhost].[/] - Initializing Spring embedded WebApplicationContext
2025-06-12 11:46:45.643 [restartedMain] INFO  o.s.b.w.s.c.ServletWebServerApplicationContext - Root WebApplicationContext: initialization completed in 5578 ms
2025-06-12 11:46:46.197 [restartedMain] INFO  o.h.jpa.internal.util.LogHelper - HHH000204: Processing PersistenceUnitInfo [name: default]
2025-06-12 11:46:46.377 [restartedMain] INFO  org.hibernate.Version - HHH000412: Hibernate ORM core version 6.6.15.Final
2025-06-12 11:46:46.478 [restartedMain] INFO  o.h.c.i.RegionFactoryInitiator - HHH000026: Second-level cache disabled
2025-06-12 11:46:47.239 [restartedMain] INFO  o.s.o.j.p.SpringPersistenceUnitInfo - No LoadTimeWeaver setup: ignoring JPA class transformer
2025-06-12 11:46:47.304 [restartedMain] INFO  com.zaxxer.hikari.HikariDataSource - HikariPool-1 - Starting...
2025-06-12 11:46:48.107 [restartedMain] INFO  com.zaxxer.hikari.pool.HikariPool - HikariPool-1 - Added connection com.mysql.cj.jdbc.ConnectionImpl@35d10882
2025-06-12 11:46:48.111 [restartedMain] INFO  com.zaxxer.hikari.HikariDataSource - HikariPool-1 - Start completed.
2025-06-12 11:46:48.236 [restartedMain] WARN  org.hibernate.orm.deprecation - HHH90000025: MySQL8Dialect does not need to be specified explicitly using 'hibernate.dialect' (remove the property setting and it will be selected by default)
2025-06-12 11:46:48.242 [restartedMain] WARN  org.hibernate.orm.deprecation - HHH90000026: MySQL8Dialect has been deprecated; use org.hibernate.dialect.MySQLDialect instead
2025-06-12 11:46:48.323 [restartedMain] INFO  o.hibernate.orm.connections.pooling - HHH10001005: Database info:
	Database JDBC URL [Connecting through datasource 'HikariDataSource (HikariPool-1)']
	Database driver: undefined/unknown
	Database version: 8.0
	Autocommit mode: undefined/unknown
	Isolation level: undefined/unknown
	Minimum pool size: undefined/unknown
	Maximum pool size: undefined/unknown
2025-06-12 11:46:50.107 [restartedMain] INFO  o.h.e.t.j.p.i.JtaPlatformInitiator - HHH000489: No JTA platform available (set 'hibernate.transaction.jta.platform' to enable JTA platform integration)
2025-06-12 11:46:50.265 [restartedMain] INFO  o.s.o.j.LocalContainerEntityManagerFactoryBean - Initialized JPA EntityManagerFactory for persistence unit 'default'
2025-06-12 11:46:51.104 [restartedMain] INFO  o.s.d.j.r.query.QueryEnhancerFactory - Hibernate is in classpath; If applicable, HQL parser will be used.
2025-06-12 11:46:52.930 [restartedMain] WARN  o.s.b.a.o.j.JpaBaseConfiguration$JpaWebConfiguration - spring.jpa.open-in-view is enabled by default. Therefore, database queries may be performed during view rendering. Explicitly configure spring.jpa.open-in-view to disable this warning
2025-06-12 11:46:53.997 [restartedMain] INFO  o.s.b.d.a.OptionalLiveReloadServer - LiveReload server is running on port 35729
2025-06-12 11:46:54.133 [restartedMain] INFO  o.a.coyote.http11.Http11NioProtocol - Starting ProtocolHandler ["http-nio-8086"]
2025-06-12 11:46:54.182 [restartedMain] INFO  o.s.b.w.e.tomcat.TomcatWebServer - Tomcat started on port 8086 (http) with context path '/'
2025-06-12 11:46:54.210 [restartedMain] INFO  c.w.worker.management.Application - Started Application in 17.041 seconds (process running for 19.266)
2025-06-12 11:51:29.473 [http-nio-8086-exec-2] INFO  o.a.c.c.C.[Tomcat].[localhost].[/] - Initializing Spring DispatcherServlet 'dispatcherServlet'
2025-06-12 11:51:29.473 [http-nio-8086-exec-2] INFO  o.s.web.servlet.DispatcherServlet - Initializing Servlet 'dispatcherServlet'
2025-06-12 11:51:29.481 [http-nio-8086-exec-2] INFO  o.s.web.servlet.DispatcherServlet - Completed initialization in 6 ms
2025-06-12 11:51:30.114 [http-nio-8086-exec-2] INFO  c.w.w.m.c.WorkerAssignmentController - assigning worker
2025-06-12 11:51:30.827 [http-nio-8086-exec-2] INFO  c.w.w.m.s.s.WorkerAssignmentServiceImpl - Assigned worker W017 to assignment A006
2025-06-12 11:51:39.629 [http-nio-8086-exec-3] INFO  c.w.w.m.c.WorkerAssignmentController - assigning worker
2025-06-12 11:51:39.672 [http-nio-8086-exec-3] INFO  c.w.w.m.s.s.WorkerAssignmentServiceImpl - Assigned worker W018 to assignment A006
2025-06-12 11:54:21.814 [http-nio-8086-exec-6] INFO  c.w.w.m.c.WorkerAssignmentController - fetching all the workerAssignments
2025-06-12 11:55:08.658 [http-nio-8086-exec-7] INFO  c.w.w.m.c.WorkerAssignmentController - Replacing workers W017 and W017 assigned to the assignment A006 with workers W019 and W020
2025-06-12 11:55:08.763 [http-nio-8086-exec-7] INFO  c.w.w.m.s.s.WorkerAssignmentServiceImpl - Reassigned assignment A006 from workers W017 and W018 to W019 and W020
2025-06-12 11:57:30.519 [http-nio-8086-exec-10] INFO  c.w.w.m.c.WorkerAssignmentController - Deleting workerAssignments with assignmentId A006 and chaning the status of assigned workers
2025-06-12 11:57:30.550 [http-nio-8086-exec-10] INFO  c.w.w.m.s.s.WorkerAssignmentServiceImpl - Deleted all assignments with assignmentId A006
2025-06-12 11:57:30.561 [http-nio-8086-exec-10] INFO  c.w.w.m.s.s.WorkerAssignmentServiceImpl - Updated 2 workers to status OCCUPIED
2025-06-12 14:03:34.147 [HikariPool-1:housekeeper] WARN  com.zaxxer.hikari.pool.HikariPool - HikariPool-1 - Thread starvation or clock leap detected (housekeeper delta=1h3m44s691ms196s200ns).
2025-06-12 14:04:30.776 [http-nio-8086-exec-3] ERROR c.w.w.m.e.GlobalExceptionHandler - Resource not found exception thrown and handled
2025-06-12 14:04:30.790 [http-nio-8086-exec-3] WARN  o.s.w.s.m.m.a.ExceptionHandlerExceptionResolver - Resolved [com.wastewise.worker.management.exception.ResourceNotFoundException: Old worker is not assigned to this assignment]
2025-06-12 14:04:53.737 [http-nio-8086-exec-4] ERROR c.w.w.m.e.GlobalExceptionHandler - Resource not found exception thrown and handled
2025-06-12 14:04:53.737 [http-nio-8086-exec-4] WARN  o.s.w.s.m.m.a.ExceptionHandlerExceptionResolver - Resolved [com.wastewise.worker.management.exception.ResourceNotFoundException: Old worker is not assigned to this assignment]
2025-06-12 14:06:44.947 [SpringApplicationShutdownHook] INFO  o.s.b.w.e.tomcat.GracefulShutdown - Commencing graceful shutdown. Waiting for active requests to complete
2025-06-12 14:06:44.972 [tomcat-shutdown] INFO  o.s.b.w.e.tomcat.GracefulShutdown - Graceful shutdown complete
2025-06-12 14:06:44.995 [SpringApplicationShutdownHook] INFO  o.s.o.j.LocalContainerEntityManagerFactoryBean - Closing JPA EntityManagerFactory for persistence unit 'default'
2025-06-12 14:06:45.013 [SpringApplicationShutdownHook] INFO  com.zaxxer.hikari.HikariDataSource - HikariPool-1 - Shutdown initiated...
2025-06-12 14:06:45.028 [SpringApplicationShutdownHook] INFO  com.zaxxer.hikari.HikariDataSource - HikariPool-1 - Shutdown completed.
